mode: set
github.com/elpic/blueprint/internal/engine/command.go:17.37,19.28 1 1
github.com/elpic/blueprint/internal/engine/command.go:19.28,21.3 1 1
github.com/elpic/blueprint/internal/engine/command.go:24.2,25.16 2 0
github.com/elpic/blueprint/internal/engine/command.go:25.16,27.29 2 0
github.com/elpic/blueprint/internal/engine/command.go:27.29,30.4 1 0
github.com/elpic/blueprint/internal/engine/command.go:33.2,36.23 2 0
github.com/elpic/blueprint/internal/engine/command.go:36.23,38.3 1 0
github.com/elpic/blueprint/internal/engine/command.go:42.2,42.42 1 0
github.com/elpic/blueprint/internal/engine/command.go:42.42,43.40 1 0
github.com/elpic/blueprint/internal/engine/command.go:43.40,45.4 1 0
github.com/elpic/blueprint/internal/engine/command.go:48.2,48.14 1 0
github.com/elpic/blueprint/internal/engine/command.go:53.73,58.2 4 0
github.com/elpic/blueprint/internal/engine/command.go:60.52,65.23 2 1
github.com/elpic/blueprint/internal/engine/command.go:65.23,67.54 1 0
github.com/elpic/blueprint/internal/engine/command.go:67.54,70.4 1 0
github.com/elpic/blueprint/internal/engine/command.go:70.9,70.63 1 0
github.com/elpic/blueprint/internal/engine/command.go:70.63,73.4 1 0
github.com/elpic/blueprint/internal/engine/command.go:73.9,76.4 1 0
github.com/elpic/blueprint/internal/engine/command.go:80.2,80.73 1 1
github.com/elpic/blueprint/internal/engine/command.go:80.73,86.3 4 0
github.com/elpic/blueprint/internal/engine/command.go:89.2,90.21 2 1
github.com/elpic/blueprint/internal/engine/command.go:90.21,92.3 1 0
github.com/elpic/blueprint/internal/engine/command.go:95.2,102.28 4 1
github.com/elpic/blueprint/internal/engine/command.go:107.123,118.16 5 1
github.com/elpic/blueprint/internal/engine/command.go:118.16,121.3 2 0
github.com/elpic/blueprint/internal/engine/command.go:124.2,134.35 4 1
github.com/elpic/blueprint/internal/engine/command.go:134.35,151.21 12 1
github.com/elpic/blueprint/internal/engine/command.go:151.21,152.56 1 1
github.com/elpic/blueprint/internal/engine/command.go:152.56,154.5 1 1
github.com/elpic/blueprint/internal/engine/command.go:156.3,159.21 3 1
github.com/elpic/blueprint/internal/engine/command.go:159.21,161.71 1 1
github.com/elpic/blueprint/internal/engine/command.go:161.71,163.22 2 1
github.com/elpic/blueprint/internal/engine/command.go:163.22,165.21 1 1
github.com/elpic/blueprint/internal/engine/command.go:165.21,167.7 1 1
github.com/elpic/blueprint/internal/engine/command.go:167.12,169.7 1 1
github.com/elpic/blueprint/internal/engine/command.go:174.4,177.54 2 1
github.com/elpic/blueprint/internal/engine/command.go:177.54,179.5 1 0
github.com/elpic/blueprint/internal/engine/command.go:182.4,183.19 2 1
github.com/elpic/blueprint/internal/engine/command.go:183.19,184.64 1 1
github.com/elpic/blueprint/internal/engine/command.go:184.64,186.6 1 1
github.com/elpic/blueprint/internal/engine/command.go:186.11,188.6 1 0
github.com/elpic/blueprint/internal/engine/command.go:189.10,190.63 1 1
github.com/elpic/blueprint/internal/engine/command.go:190.63,192.6 1 0
github.com/elpic/blueprint/internal/engine/command.go:192.11,194.6 1 1
github.com/elpic/blueprint/internal/engine/command.go:196.4,196.49 1 1
github.com/elpic/blueprint/internal/engine/command.go:197.9,202.4 3 0
github.com/elpic/blueprint/internal/engine/command.go:205.3,214.17 2 1
github.com/elpic/blueprint/internal/engine/command.go:214.17,217.25 3 1
github.com/elpic/blueprint/internal/engine/command.go:217.25,219.5 1 0
github.com/elpic/blueprint/internal/engine/command.go:220.4,221.30 2 1
github.com/elpic/blueprint/internal/engine/command.go:222.9,224.25 2 1
github.com/elpic/blueprint/internal/engine/command.go:224.25,226.5 1 0
github.com/elpic/blueprint/internal/engine/command.go:227.4,227.29 1 1
github.com/elpic/blueprint/internal/engine/command.go:230.3,233.20 2 1
github.com/elpic/blueprint/internal/engine/command.go:233.20,234.86 1 1
github.com/elpic/blueprint/internal/engine/command.go:234.86,236.5 1 0
github.com/elpic/blueprint/internal/engine/command.go:240.2,240.16 1 1
github.com/elpic/blueprint/internal/engine/command.go:243.79,245.28 2 0
github.com/elpic/blueprint/internal/engine/command.go:245.28,255.3 1 0
github.com/elpic/blueprint/internal/engine/command.go:256.2,256.12 1 0
github.com/elpic/blueprint/internal/engine/command.go:262.23,267.2 2 0
github.com/elpic/blueprint/internal/engine/crypto.go:19.54,21.45 1 0
github.com/elpic/blueprint/internal/engine/crypto.go:21.45,24.3 2 0
github.com/elpic/blueprint/internal/engine/crypto.go:27.2,28.16 2 0
github.com/elpic/blueprint/internal/engine/crypto.go:28.16,31.3 2 0
github.com/elpic/blueprint/internal/engine/crypto.go:34.2,36.16 3 0
github.com/elpic/blueprint/internal/engine/crypto.go:36.16,39.3 2 0
github.com/elpic/blueprint/internal/engine/crypto.go:42.2,43.16 2 0
github.com/elpic/blueprint/internal/engine/crypto.go:43.16,46.3 2 0
github.com/elpic/blueprint/internal/engine/crypto.go:49.2,50.92 2 0
github.com/elpic/blueprint/internal/engine/crypto.go:50.92,53.3 2 0
github.com/elpic/blueprint/internal/engine/crypto.go:55.2,55.104 1 0
github.com/elpic/blueprint/internal/engine/crypto.go:60.59,65.29 3 0
github.com/elpic/blueprint/internal/engine/crypto.go:65.29,66.31 1 0
github.com/elpic/blueprint/internal/engine/crypto.go:66.31,68.24 2 0
github.com/elpic/blueprint/internal/engine/crypto.go:68.24,70.5 1 0
github.com/elpic/blueprint/internal/engine/crypto.go:73.4,73.35 1 0
github.com/elpic/blueprint/internal/engine/crypto.go:73.35,76.5 2 0
github.com/elpic/blueprint/internal/engine/crypto.go:81.2,81.27 1 0
github.com/elpic/blueprint/internal/engine/crypto.go:81.27,83.3 1 0
github.com/elpic/blueprint/internal/engine/crypto.go:86.2,86.41 1 0
github.com/elpic/blueprint/internal/engine/crypto.go:86.41,89.17 3 0
github.com/elpic/blueprint/internal/engine/crypto.go:89.17,91.4 1 0
github.com/elpic/blueprint/internal/engine/crypto.go:93.3,93.42 1 0
github.com/elpic/blueprint/internal/engine/crypto.go:96.2,96.12 1 0
github.com/elpic/blueprint/internal/engine/crypto.go:101.37,104.16 2 0
github.com/elpic/blueprint/internal/engine/crypto.go:104.16,106.3 1 0
github.com/elpic/blueprint/internal/engine/crypto.go:107.2,108.34 2 0
github.com/elpic/blueprint/internal/engine/crypto.go:111.79,113.57 1 0
github.com/elpic/blueprint/internal/engine/crypto.go:113.57,115.3 1 0
github.com/elpic/blueprint/internal/engine/crypto.go:117.2,118.16 2 0
github.com/elpic/blueprint/internal/engine/crypto.go:118.16,120.29 2 0
github.com/elpic/blueprint/internal/engine/crypto.go:120.29,123.4 1 0
github.com/elpic/blueprint/internal/engine/crypto.go:128.2,128.65 1 0
github.com/elpic/blueprint/internal/engine/crypto.go:128.65,131.3 1 0
github.com/elpic/blueprint/internal/engine/crypto.go:135.2,136.29 2 0
github.com/elpic/blueprint/internal/engine/crypto.go:136.29,138.72 2 0
github.com/elpic/blueprint/internal/engine/crypto.go:138.72,139.36 1 0
github.com/elpic/blueprint/internal/engine/crypto.go:139.36,141.10 2 0
github.com/elpic/blueprint/internal/engine/crypto.go:147.2,147.23 1 0
github.com/elpic/blueprint/internal/engine/crypto.go:147.23,150.17 3 0
github.com/elpic/blueprint/internal/engine/crypto.go:150.17,152.4 1 0
github.com/elpic/blueprint/internal/engine/crypto.go:154.3,159.20 4 0
github.com/elpic/blueprint/internal/engine/crypto.go:162.2,162.12 1 0
github.com/elpic/blueprint/internal/engine/engine.go:30.56,35.2 4 1
github.com/elpic/blueprint/internal/engine/engine.go:37.48,41.2 3 1
github.com/elpic/blueprint/internal/engine/engine.go:43.54,47.24 4 1
github.com/elpic/blueprint/internal/engine/engine.go:47.24,49.3 1 0
github.com/elpic/blueprint/internal/engine/engine.go:50.2,50.12 1 1
github.com/elpic/blueprint/internal/engine/engine.go:56.107,60.10 2 0
github.com/elpic/blueprint/internal/engine/engine.go:60.10,63.17 3 0
github.com/elpic/blueprint/internal/engine/engine.go:63.17,66.4 2 0
github.com/elpic/blueprint/internal/engine/engine.go:69.2,70.16 2 0
github.com/elpic/blueprint/internal/engine/engine.go:70.16,73.3 2 0
github.com/elpic/blueprint/internal/engine/engine.go:74.2,81.16 4 0
github.com/elpic/blueprint/internal/engine/engine.go:81.16,84.3 2 0
github.com/elpic/blueprint/internal/engine/engine.go:89.2,94.34 4 0
github.com/elpic/blueprint/internal/engine/engine.go:94.34,95.19 1 0
github.com/elpic/blueprint/internal/engine/engine.go:95.19,97.25 1 0
github.com/elpic/blueprint/internal/engine/engine.go:97.25,99.5 1 0
github.com/elpic/blueprint/internal/engine/engine.go:100.4,100.12 1 0
github.com/elpic/blueprint/internal/engine/engine.go:102.3,102.49 1 0
github.com/elpic/blueprint/internal/engine/engine.go:102.49,103.12 1 0
github.com/elpic/blueprint/internal/engine/engine.go:105.3,105.40 1 0
github.com/elpic/blueprint/internal/engine/engine.go:105.40,106.12 1 0
github.com/elpic/blueprint/internal/engine/engine.go:108.3,108.46 1 0
github.com/elpic/blueprint/internal/engine/engine.go:108.46,109.12 1 0
github.com/elpic/blueprint/internal/engine/engine.go:111.3,111.46 1 0
github.com/elpic/blueprint/internal/engine/engine.go:114.2,114.45 1 0
github.com/elpic/blueprint/internal/engine/engine.go:114.45,117.3 2 0
github.com/elpic/blueprint/internal/engine/engine.go:123.2,124.18 2 0
github.com/elpic/blueprint/internal/engine/engine.go:124.18,126.3 1 0
github.com/elpic/blueprint/internal/engine/engine.go:127.2,131.53 3 0
github.com/elpic/blueprint/internal/engine/engine.go:131.53,133.3 1 0
github.com/elpic/blueprint/internal/engine/engine.go:136.2,138.9 2 0
github.com/elpic/blueprint/internal/engine/engine.go:138.9,141.34 3 0
github.com/elpic/blueprint/internal/engine/engine.go:141.34,144.4 2 0
github.com/elpic/blueprint/internal/engine/engine.go:145.3,145.23 1 0
github.com/elpic/blueprint/internal/engine/engine.go:146.8,152.17 3 0
github.com/elpic/blueprint/internal/engine/engine.go:152.17,155.4 2 0
github.com/elpic/blueprint/internal/engine/engine.go:158.3,159.17 2 0
github.com/elpic/blueprint/internal/engine/engine.go:159.17,162.4 2 0
github.com/elpic/blueprint/internal/engine/engine.go:164.3,165.46 2 0
github.com/elpic/blueprint/internal/engine/engine.go:165.46,167.4 1 0
github.com/elpic/blueprint/internal/engine/engine.go:168.3,168.72 1 0
github.com/elpic/blueprint/internal/engine/engine.go:168.72,170.4 1 0
github.com/elpic/blueprint/internal/engine/engine.go:173.3,173.19 1 0
github.com/elpic/blueprint/internal/engine/engine.go:177.33,179.2 1 0
github.com/elpic/blueprint/internal/engine/ps.go:28.34,30.16 2 1
github.com/elpic/blueprint/internal/engine/ps.go:30.16,32.3 1 0
github.com/elpic/blueprint/internal/engine/ps.go:33.2,33.52 1 1
github.com/elpic/blueprint/internal/engine/ps.go:36.45,38.16 2 1
github.com/elpic/blueprint/internal/engine/ps.go:38.16,40.3 1 0
github.com/elpic/blueprint/internal/engine/ps.go:42.2,43.16 2 1
github.com/elpic/blueprint/internal/engine/ps.go:43.16,45.3 1 0
github.com/elpic/blueprint/internal/engine/ps.go:48.2,49.77 2 1
github.com/elpic/blueprint/internal/engine/ps.go:49.77,51.3 1 0
github.com/elpic/blueprint/internal/engine/ps.go:53.2,53.35 1 1
github.com/elpic/blueprint/internal/engine/ps.go:56.43,58.16 2 0
github.com/elpic/blueprint/internal/engine/ps.go:58.16,60.3 1 0
github.com/elpic/blueprint/internal/engine/ps.go:62.2,63.16 2 0
github.com/elpic/blueprint/internal/engine/ps.go:63.16,65.3 1 0
github.com/elpic/blueprint/internal/engine/ps.go:67.2,68.53 2 0
github.com/elpic/blueprint/internal/engine/ps.go:68.53,70.3 1 0
github.com/elpic/blueprint/internal/engine/ps.go:72.2,72.20 1 0
github.com/elpic/blueprint/internal/engine/ps.go:75.21,77.16 2 1
github.com/elpic/blueprint/internal/engine/ps.go:77.16,79.3 1 0
github.com/elpic/blueprint/internal/engine/ps.go:80.2,80.23 1 1
github.com/elpic/blueprint/internal/engine/ps.go:84.35,86.16 2 0
github.com/elpic/blueprint/internal/engine/ps.go:86.16,88.3 1 0
github.com/elpic/blueprint/internal/engine/ps.go:90.2,91.19 2 0
github.com/elpic/blueprint/internal/engine/ps.go:95.45,96.21 1 0
github.com/elpic/blueprint/internal/engine/ps.go:96.21,98.3 1 0
github.com/elpic/blueprint/internal/engine/ps.go:99.2,99.19 1 0
github.com/elpic/blueprint/internal/engine/ps.go:99.19,103.3 3 0
github.com/elpic/blueprint/internal/engine/ps.go:104.2,107.44 4 0
github.com/elpic/blueprint/internal/engine/ps.go:111.16,113.16 2 0
github.com/elpic/blueprint/internal/engine/ps.go:113.16,116.3 2 0
github.com/elpic/blueprint/internal/engine/ps.go:119.2,119.32 1 0
github.com/elpic/blueprint/internal/engine/ps.go:119.32,124.3 3 0
github.com/elpic/blueprint/internal/engine/ps.go:127.2,128.16 2 0
github.com/elpic/blueprint/internal/engine/ps.go:128.16,131.3 2 0
github.com/elpic/blueprint/internal/engine/ps.go:133.2,142.27 7 0
github.com/elpic/blueprint/internal/engine/ps.go:142.27,144.72 2 0
github.com/elpic/blueprint/internal/engine/ps.go:144.72,146.4 1 0
github.com/elpic/blueprint/internal/engine/ps.go:148.3,150.17 3 0
github.com/elpic/blueprint/internal/engine/ps.go:150.17,152.4 1 0
github.com/elpic/blueprint/internal/engine/ps.go:154.3,154.91 1 0
github.com/elpic/blueprint/internal/engine/ps.go:157.2,157.15 1 0
github.com/elpic/blueprint/internal/engine/status.go:17.39,19.16 2 0
github.com/elpic/blueprint/internal/engine/status.go:19.16,21.3 1 0
github.com/elpic/blueprint/internal/engine/status.go:23.2,26.80 2 0
github.com/elpic/blueprint/internal/engine/status.go:26.80,28.3 1 0
github.com/elpic/blueprint/internal/engine/status.go:30.2,30.57 1 0
github.com/elpic/blueprint/internal/engine/status.go:34.38,36.16 2 1
github.com/elpic/blueprint/internal/engine/status.go:36.16,38.3 1 0
github.com/elpic/blueprint/internal/engine/status.go:40.2,43.80 2 1
github.com/elpic/blueprint/internal/engine/status.go:43.80,45.3 1 0
github.com/elpic/blueprint/internal/engine/status.go:47.2,47.56 1 1
github.com/elpic/blueprint/internal/engine/status.go:52.51,54.16 2 1
github.com/elpic/blueprint/internal/engine/status.go:54.16,56.3 1 0
github.com/elpic/blueprint/internal/engine/status.go:58.2,60.16 3 1
github.com/elpic/blueprint/internal/engine/status.go:60.16,62.3 1 0
github.com/elpic/blueprint/internal/engine/status.go:64.2,65.16 2 1
github.com/elpic/blueprint/internal/engine/status.go:65.16,67.3 1 0
github.com/elpic/blueprint/internal/engine/status.go:70.2,71.52 2 1
github.com/elpic/blueprint/internal/engine/status.go:71.52,73.3 1 0
github.com/elpic/blueprint/internal/engine/status.go:75.2,75.12 1 1
github.com/elpic/blueprint/internal/engine/status.go:79.57,80.56 1 1
github.com/elpic/blueprint/internal/engine/status.go:80.56,82.3 1 0
github.com/elpic/blueprint/internal/engine/status.go:83.2,83.30 1 1
github.com/elpic/blueprint/internal/engine/status.go:89.51,90.23 1 0
github.com/elpic/blueprint/internal/engine/status.go:90.23,92.3 1 0
github.com/elpic/blueprint/internal/engine/status.go:94.2,95.16 2 0
github.com/elpic/blueprint/internal/engine/status.go:95.16,97.3 1 0
github.com/elpic/blueprint/internal/engine/status.go:100.2,100.25 1 0
github.com/elpic/blueprint/internal/engine/status.go:100.25,102.3 1 0
github.com/elpic/blueprint/internal/engine/status.go:105.2,106.16 2 0
github.com/elpic/blueprint/internal/engine/status.go:106.16,108.3 1 0
github.com/elpic/blueprint/internal/engine/status.go:110.2,110.81 1 0
github.com/elpic/blueprint/internal/engine/status.go:110.81,112.3 1 0
github.com/elpic/blueprint/internal/engine/status.go:114.2,114.12 1 0
github.com/elpic/blueprint/internal/engine/status.go:120.44,123.16 3 1
github.com/elpic/blueprint/internal/engine/status.go:123.16,125.3 1 0
github.com/elpic/blueprint/internal/engine/status.go:126.2,127.16 2 1
github.com/elpic/blueprint/internal/engine/status.go:127.16,129.3 1 0
github.com/elpic/blueprint/internal/engine/status.go:130.2,131.15 2 1
github.com/elpic/blueprint/internal/engine/status.go:134.104,136.16 2 0
github.com/elpic/blueprint/internal/engine/status.go:136.16,138.3 1 0
github.com/elpic/blueprint/internal/engine/status.go:141.2,145.60 3 0
github.com/elpic/blueprint/internal/engine/status.go:145.60,147.3 1 0
github.com/elpic/blueprint/internal/engine/status.go:150.2,151.33 2 0
github.com/elpic/blueprint/internal/engine/status.go:151.33,161.3 1 0
github.com/elpic/blueprint/internal/engine/status.go:164.2,164.29 1 0
github.com/elpic/blueprint/internal/engine/status.go:164.29,167.21 2 0
github.com/elpic/blueprint/internal/engine/status.go:167.21,169.12 1 0
github.com/elpic/blueprint/internal/engine/status.go:173.3,173.90 1 0
github.com/elpic/blueprint/internal/engine/status.go:173.90,176.4 1 0
github.com/elpic/blueprint/internal/engine/status.go:180.2,181.16 2 0
github.com/elpic/blueprint/internal/engine/status.go:181.16,183.3 1 0
github.com/elpic/blueprint/internal/engine/status.go:185.2,185.80 1 0
github.com/elpic/blueprint/internal/engine/status.go:185.80,187.3 1 0
github.com/elpic/blueprint/internal/engine/status.go:189.2,189.12 1 0
github.com/elpic/blueprint/internal/engine/status.go:194.107,199.16 3 0
github.com/elpic/blueprint/internal/engine/status.go:199.16,201.3 1 0
github.com/elpic/blueprint/internal/engine/status.go:203.2,204.16 2 0
github.com/elpic/blueprint/internal/engine/status.go:204.16,207.3 1 0
github.com/elpic/blueprint/internal/engine/status.go:209.2,210.60 2 0
github.com/elpic/blueprint/internal/engine/status.go:210.60,213.3 1 0
github.com/elpic/blueprint/internal/engine/status.go:216.2,220.35 2 0
github.com/elpic/blueprint/internal/engine/status.go:220.35,221.68 1 0
github.com/elpic/blueprint/internal/engine/status.go:221.68,224.4 2 0
github.com/elpic/blueprint/internal/engine/status.go:227.2,227.27 1 0
github.com/elpic/blueprint/internal/engine/status.go:235.38,237.16 2 0
github.com/elpic/blueprint/internal/engine/status.go:237.16,240.3 2 0
github.com/elpic/blueprint/internal/engine/status.go:241.2,244.16 3 0
github.com/elpic/blueprint/internal/engine/status.go:244.16,247.3 2 0
github.com/elpic/blueprint/internal/engine/status.go:249.2,253.16 4 0
github.com/elpic/blueprint/internal/engine/status.go:253.16,256.3 2 0
github.com/elpic/blueprint/internal/engine/status.go:258.2,259.60 2 0
github.com/elpic/blueprint/internal/engine/status.go:259.60,261.3 1 0
github.com/elpic/blueprint/internal/engine/status.go:264.2,268.36 3 0
github.com/elpic/blueprint/internal/engine/status.go:268.36,270.80 2 0
github.com/elpic/blueprint/internal/engine/status.go:270.80,272.4 1 0
github.com/elpic/blueprint/internal/engine/status.go:275.2,279.23 3 0
github.com/elpic/blueprint/internal/engine/status.go:279.23,282.30 3 0
github.com/elpic/blueprint/internal/engine/status.go:282.30,284.4 1 0
github.com/elpic/blueprint/internal/engine/status.go:287.2,287.26 1 0
github.com/elpic/blueprint/internal/engine/status.go:287.26,290.33 3 0
github.com/elpic/blueprint/internal/engine/status.go:290.33,292.4 1 0
github.com/elpic/blueprint/internal/engine/status.go:295.2,295.17 1 0
github.com/elpic/blueprint/internal/engine/status.go:295.17,297.3 1 0
github.com/elpic/blueprint/internal/engine/status.go:299.2,299.18 1 0
github.com/elpic/blueprint/internal/engine/status.go:302.20,304.16 2 0
github.com/elpic/blueprint/internal/engine/status.go:304.16,307.3 2 0
github.com/elpic/blueprint/internal/engine/status.go:310.2,311.16 2 0
github.com/elpic/blueprint/internal/engine/status.go:311.16,314.3 2 0
github.com/elpic/blueprint/internal/engine/status.go:317.2,318.54 2 0
github.com/elpic/blueprint/internal/engine/status.go:318.54,321.3 2 0
github.com/elpic/blueprint/internal/engine/status.go:324.2,330.35 4 0
github.com/elpic/blueprint/internal/engine/status.go:330.35,334.10 1 0
github.com/elpic/blueprint/internal/engine/status.go:334.10,337.4 2 0
github.com/elpic/blueprint/internal/engine/status.go:340.2,340.19 1 0
github.com/elpic/blueprint/internal/engine/status.go:340.19,342.3 1 0
github.com/elpic/blueprint/internal/engine/status.go:344.2,344.18 1 0
github.com/elpic/blueprint/internal/engine/status.go:349.26,351.16 2 0
github.com/elpic/blueprint/internal/engine/status.go:351.16,354.3 2 0
github.com/elpic/blueprint/internal/engine/status.go:356.2,357.16 2 0
github.com/elpic/blueprint/internal/engine/status.go:357.16,360.3 2 0
github.com/elpic/blueprint/internal/engine/status.go:362.2,363.55 2 0
github.com/elpic/blueprint/internal/engine/status.go:363.55,366.3 2 0
github.com/elpic/blueprint/internal/engine/status.go:369.2,370.28 2 0
github.com/elpic/blueprint/internal/engine/status.go:370.28,371.23 1 0
github.com/elpic/blueprint/internal/engine/status.go:371.23,373.4 1 0
github.com/elpic/blueprint/internal/engine/status.go:376.2,376.21 1 0
github.com/elpic/blueprint/internal/engine/status.go:376.21,379.3 2 0
github.com/elpic/blueprint/internal/engine/status.go:382.2,382.40 1 0
github.com/elpic/blueprint/internal/engine/status.go:382.40,384.3 1 0
github.com/elpic/blueprint/internal/engine/status.go:386.2,386.15 1 0
github.com/elpic/blueprint/internal/engine/status.go:386.15,388.3 1 0
github.com/elpic/blueprint/internal/engine/status.go:389.2,389.23 1 0
github.com/elpic/blueprint/internal/engine/status.go:389.23,391.3 1 0
github.com/elpic/blueprint/internal/engine/status.go:393.2,394.33 2 0
github.com/elpic/blueprint/internal/engine/status.go:394.33,397.16 3 0
github.com/elpic/blueprint/internal/engine/status.go:397.16,399.4 1 0
github.com/elpic/blueprint/internal/engine/status.go:400.3,404.4 1 0
github.com/elpic/blueprint/internal/engine/status.go:406.2,406.18 1 0
github.com/elpic/blueprint/internal/engine/status.go:410.38,412.16 2 0
github.com/elpic/blueprint/internal/engine/status.go:412.16,414.3 1 0
github.com/elpic/blueprint/internal/engine/status.go:416.2,420.63 3 0
github.com/elpic/blueprint/internal/engine/status.go:420.63,422.3 1 0
github.com/elpic/blueprint/internal/engine/status.go:425.2,428.115 2 0
github.com/elpic/blueprint/internal/engine/status.go:428.115,430.3 1 0
github.com/elpic/blueprint/internal/engine/status.go:432.2,432.23 1 0
github.com/elpic/blueprint/internal/engine/status.go:436.76,438.16 2 1
github.com/elpic/blueprint/internal/engine/status.go:438.16,440.3 1 0
github.com/elpic/blueprint/internal/engine/status.go:442.2,443.78 2 1
github.com/elpic/blueprint/internal/engine/status.go:443.78,445.3 1 0
github.com/elpic/blueprint/internal/engine/status.go:447.2,450.75 3 1
github.com/elpic/blueprint/internal/engine/status.go:454.40,456.16 2 0
github.com/elpic/blueprint/internal/engine/status.go:456.16,458.3 1 0
github.com/elpic/blueprint/internal/engine/status.go:460.2,462.16 3 0
github.com/elpic/blueprint/internal/engine/status.go:462.16,464.3 1 0
github.com/elpic/blueprint/internal/engine/status.go:466.2,467.32 2 0
github.com/elpic/blueprint/internal/engine/status.go:467.32,468.20 1 0
github.com/elpic/blueprint/internal/engine/status.go:468.20,471.26 3 0
github.com/elpic/blueprint/internal/engine/status.go:471.26,473.5 1 0
github.com/elpic/blueprint/internal/engine/status.go:477.2,477.20 1 0
github.com/elpic/blueprint/internal/engine/status.go:477.20,479.3 1 0
github.com/elpic/blueprint/internal/engine/status.go:481.2,481.23 1 0
github.com/elpic/blueprint/internal/engine/status.go:487.50,489.16 2 0
github.com/elpic/blueprint/internal/engine/status.go:489.16,492.3 2 0
github.com/elpic/blueprint/internal/engine/status.go:495.2,495.20 1 0
github.com/elpic/blueprint/internal/engine/status.go:495.20,498.17 3 0
github.com/elpic/blueprint/internal/engine/status.go:498.17,501.4 2 0
github.com/elpic/blueprint/internal/engine/status.go:504.2,507.55 2 0
github.com/elpic/blueprint/internal/engine/status.go:507.55,510.3 2 0
github.com/elpic/blueprint/internal/engine/status.go:513.2,514.93 2 0
github.com/elpic/blueprint/internal/engine/status.go:514.93,516.41 2 0
github.com/elpic/blueprint/internal/engine/status.go:516.41,517.29 1 0
github.com/elpic/blueprint/internal/engine/status.go:517.29,519.5 1 0
github.com/elpic/blueprint/internal/engine/status.go:523.2,527.16 3 0
github.com/elpic/blueprint/internal/engine/status.go:527.16,530.3 2 0
github.com/elpic/blueprint/internal/engine/status.go:532.2,532.23 1 0
github.com/elpic/blueprint/internal/engine/status.go:532.23,535.3 2 0
github.com/elpic/blueprint/internal/engine/status.go:538.2,538.42 1 0
github.com/elpic/blueprint/internal/engine/status.go:538.42,543.3 4 0
github.com/elpic/blueprint/internal/engine/status.go:545.2,545.32 1 0
github.com/elpic/blueprint/internal/engine/status.go:545.32,546.64 1 0
github.com/elpic/blueprint/internal/engine/status.go:546.64,552.51 4 0
github.com/elpic/blueprint/internal/engine/status.go:552.51,553.13 1 0
github.com/elpic/blueprint/internal/engine/status.go:556.4,559.18 3 0
github.com/elpic/blueprint/internal/engine/status.go:559.18,560.13 1 0
github.com/elpic/blueprint/internal/engine/status.go:563.4,564.53 2 0
github.com/elpic/blueprint/internal/engine/status.go:564.53,566.5 1 0
github.com/elpic/blueprint/internal/engine/status.go:567.4,576.23 6 0
github.com/elpic/blueprint/internal/engine/status.go:576.23,579.5 2 0
github.com/elpic/blueprint/internal/engine/status.go:581.4,581.23 1 0
github.com/elpic/blueprint/internal/engine/status.go:581.23,583.5 1 0
github.com/elpic/blueprint/internal/engine/status.go:586.4,586.20 1 0
github.com/elpic/blueprint/internal/engine/status.go:586.20,588.5 1 0
github.com/elpic/blueprint/internal/engine/status.go:591.4,591.20 1 0
github.com/elpic/blueprint/internal/engine/status.go:591.20,594.38 2 0
github.com/elpic/blueprint/internal/engine/status.go:594.38,596.6 1 0
github.com/elpic/blueprint/internal/engine/status.go:600.4,600.36 1 0
github.com/elpic/blueprint/internal/engine/status.go:600.36,602.5 1 0
github.com/elpic/blueprint/internal/engine/status.go:606.2,606.18 1 0
github.com/elpic/blueprint/internal/engine/utils.go:16.25,18.2 1 1
github.com/elpic/blueprint/internal/engine/utils.go:20.57,24.29 3 1
github.com/elpic/blueprint/internal/engine/utils.go:24.29,26.28 1 1
github.com/elpic/blueprint/internal/engine/utils.go:26.28,28.12 2 1
github.com/elpic/blueprint/internal/engine/utils.go:32.3,32.34 1 1
github.com/elpic/blueprint/internal/engine/utils.go:32.34,33.42 1 1
github.com/elpic/blueprint/internal/engine/utils.go:33.42,35.10 2 1
github.com/elpic/blueprint/internal/engine/utils.go:40.2,40.35 1 1
github.com/elpic/blueprint/internal/engine/utils.go:45.58,48.29 3 1
github.com/elpic/blueprint/internal/engine/utils.go:48.29,50.16 2 1
github.com/elpic/blueprint/internal/engine/utils.go:50.16,51.12 1 1
github.com/elpic/blueprint/internal/engine/utils.go:53.3,54.32 2 1
github.com/elpic/blueprint/internal/engine/utils.go:56.2,56.15 1 1
github.com/elpic/blueprint/internal/engine/utils.go:59.40,60.29 1 0
github.com/elpic/blueprint/internal/engine/utils.go:60.29,64.20 3 0
github.com/elpic/blueprint/internal/engine/utils.go:64.20,66.4 1 0
github.com/elpic/blueprint/internal/engine/utils.go:69.3,70.21 2 0
github.com/elpic/blueprint/internal/engine/utils.go:70.21,72.4 1 0
github.com/elpic/blueprint/internal/engine/utils.go:74.3,74.26 1 0
github.com/elpic/blueprint/internal/engine/utils.go:74.26,76.35 2 0
github.com/elpic/blueprint/internal/engine/utils.go:76.35,77.14 1 0
github.com/elpic/blueprint/internal/engine/utils.go:77.14,79.6 1 0
github.com/elpic/blueprint/internal/engine/utils.go:80.5,80.39 1 0
github.com/elpic/blueprint/internal/engine/utils.go:82.4,82.17 1 0
github.com/elpic/blueprint/internal/engine/utils.go:85.3,85.27 1 0
github.com/elpic/blueprint/internal/engine/utils.go:85.27,87.35 2 0
github.com/elpic/blueprint/internal/engine/utils.go:87.35,88.14 1 0
github.com/elpic/blueprint/internal/engine/utils.go:88.14,90.6 1 0
github.com/elpic/blueprint/internal/engine/utils.go:91.5,91.32 1 0
github.com/elpic/blueprint/internal/engine/utils.go:93.4,93.17 1 0
github.com/elpic/blueprint/internal/engine/utils.go:97.3,97.21 1 0
github.com/elpic/blueprint/internal/engine/utils.go:97.21,99.17 2 0
github.com/elpic/blueprint/internal/engine/utils.go:99.17,101.5 1 0
github.com/elpic/blueprint/internal/engine/utils.go:103.3,103.16 1 0
github.com/elpic/blueprint/internal/engine/utils.go:107.44,110.16 2 0
github.com/elpic/blueprint/internal/engine/utils.go:110.16,113.3 1 0
github.com/elpic/blueprint/internal/engine/utils.go:114.2,114.32 1 0
github.com/elpic/blueprint/internal/engine/utils.go:117.70,118.21 1 1
github.com/elpic/blueprint/internal/engine/utils.go:118.21,120.3 1 1
github.com/elpic/blueprint/internal/engine/utils.go:123.2,126.23 3 1
github.com/elpic/blueprint/internal/engine/utils.go:126.23,127.24 1 1
github.com/elpic/blueprint/internal/engine/utils.go:127.24,129.4 1 1
github.com/elpic/blueprint/internal/engine/utils.go:130.3,134.41 3 1
github.com/elpic/blueprint/internal/engine/utils.go:134.41,136.4 1 1
github.com/elpic/blueprint/internal/engine/utils.go:140.2,146.40 5 1
github.com/elpic/blueprint/internal/engine/utils.go:146.40,149.30 2 1
github.com/elpic/blueprint/internal/engine/utils.go:149.30,151.4 1 1
github.com/elpic/blueprint/internal/engine/utils.go:153.3,153.23 1 1
github.com/elpic/blueprint/internal/engine/utils.go:153.23,155.4 1 1
github.com/elpic/blueprint/internal/engine/utils.go:157.3,160.38 2 1
github.com/elpic/blueprint/internal/engine/utils.go:160.38,164.52 2 1
github.com/elpic/blueprint/internal/engine/utils.go:164.52,167.5 1 1
github.com/elpic/blueprint/internal/engine/utils.go:169.4,169.22 1 1
github.com/elpic/blueprint/internal/engine/utils.go:169.22,170.42 1 1
github.com/elpic/blueprint/internal/engine/utils.go:170.42,172.6 1 1
github.com/elpic/blueprint/internal/engine/utils.go:176.3,180.13 4 1
github.com/elpic/blueprint/internal/engine/utils.go:184.2,184.23 1 1
github.com/elpic/blueprint/internal/engine/utils.go:184.23,185.42 1 1
github.com/elpic/blueprint/internal/engine/utils.go:185.42,187.4 1 1
github.com/elpic/blueprint/internal/engine/utils.go:190.2,190.20 1 1
github.com/elpic/blueprint/internal/engine/utils.go:196.101,197.19 1 0
github.com/elpic/blueprint/internal/engine/utils.go:197.20,197.21 0 0
github.com/elpic/blueprint/internal/engine/utils.go:199.2,199.28 1 0
github.com/elpic/blueprint/internal/engine/utils.go:199.28,201.22 2 0
github.com/elpic/blueprint/internal/engine/utils.go:201.22,203.4 1 0
github.com/elpic/blueprint/internal/engine/utils.go:204.3,204.20 1 0
github.com/elpic/blueprint/internal/engine/utils.go:204.20,204.61 1 0
github.com/elpic/blueprint/internal/engine/utils.go:206.3,207.17 2 0
github.com/elpic/blueprint/internal/engine/utils.go:207.17,209.22 2 0
github.com/elpic/blueprint/internal/engine/utils.go:209.23,209.24 0 0
github.com/elpic/blueprint/internal/engine/utils.go:211.3,211.33 1 0
github.com/elpic/blueprint/internal/engine/utils.go:214.2,214.28 1 0
github.com/elpic/blueprint/internal/engine/utils.go:217.40,219.16 2 1
github.com/elpic/blueprint/internal/engine/utils.go:219.16,221.3 1 0
github.com/elpic/blueprint/internal/engine/utils.go:223.2,226.80 2 1
github.com/elpic/blueprint/internal/engine/utils.go:226.80,228.3 1 0
github.com/elpic/blueprint/internal/engine/utils.go:230.2,230.26 1 1
