mode: set
github.com/elpic/blueprint/internal/os.go:6.22,7.22 1 0
github.com/elpic/blueprint/internal/os.go:8.16,9.15 1 0
github.com/elpic/blueprint/internal/os.go:10.15,11.17 1 0
github.com/elpic/blueprint/internal/os.go:12.17,13.19 1 0
github.com/elpic/blueprint/internal/os.go:14.10,15.22 1 0
github.com/elpic/blueprint/internal/logging/logging.go:21.13,24.2 2 0
github.com/elpic/blueprint/internal/logging/logging.go:27.32,28.15 1 0
github.com/elpic/blueprint/internal/logging/logging.go:29.15,30.26 1 0
github.com/elpic/blueprint/internal/logging/logging.go:31.18,32.25 1 0
github.com/elpic/blueprint/internal/logging/logging.go:33.10,34.25 1 0
github.com/elpic/blueprint/internal/logging/logging.go:39.21,41.2 1 0
github.com/elpic/blueprint/internal/logging/logging.go:44.34,46.2 1 0
github.com/elpic/blueprint/internal/logging/logging.go:49.29,51.2 1 0
github.com/elpic/blueprint/internal/ui/ui.go:20.39,22.2 1 0
github.com/elpic/blueprint/internal/ui/ui.go:25.40,27.2 1 0
github.com/elpic/blueprint/internal/ui/ui.go:30.38,32.2 1 0
github.com/elpic/blueprint/internal/ui/ui.go:35.37,37.2 1 0
github.com/elpic/blueprint/internal/ui/ui.go:40.42,42.2 1 0
github.com/elpic/blueprint/internal/ui/ui.go:45.36,47.2 1 0
github.com/elpic/blueprint/internal/ui/ui.go:50.80,52.16 2 0
github.com/elpic/blueprint/internal/ui/ui.go:53.17,54.36 1 0
github.com/elpic/blueprint/internal/ui/ui.go:55.15,56.35 1 0
github.com/elpic/blueprint/internal/ui/ui.go:57.10,58.35 1 0
github.com/elpic/blueprint/internal/ui/ui.go:61.2,63.40 3 0
github.com/elpic/blueprint/internal/ui/ui.go:67.130,68.17 1 0
github.com/elpic/blueprint/internal/ui/ui.go:68.17,73.22 4 0
github.com/elpic/blueprint/internal/ui/ui.go:73.22,78.4 1 0
github.com/elpic/blueprint/internal/ui/ui.go:78.9,82.4 1 0
github.com/elpic/blueprint/internal/ui/ui.go:83.3,83.38 1 0
github.com/elpic/blueprint/internal/ui/ui.go:84.8,90.22 5 0
github.com/elpic/blueprint/internal/ui/ui.go:90.22,92.4 1 0
github.com/elpic/blueprint/internal/ui/ui.go:93.3,93.19 1 0
github.com/elpic/blueprint/internal/ui/ui.go:98.34,100.2 1 0
github.com/elpic/blueprint/internal/ui/ui.go:103.24,105.2 1 0
github.com/elpic/blueprint/internal/ui/ui.go:108.43,109.16 1 0
github.com/elpic/blueprint/internal/ui/ui.go:109.16,111.3 1 0
github.com/elpic/blueprint/internal/ui/ui.go:113.2,118.30 5 0
github.com/elpic/blueprint/internal/ui/ui.go:118.30,120.3 1 0
github.com/elpic/blueprint/internal/ui/ui.go:121.2,121.29 1 0
github.com/elpic/blueprint/internal/ui/ui.go:121.29,123.3 1 0
github.com/elpic/blueprint/internal/ui/ui.go:124.2,126.66 2 0
github.com/elpic/blueprint/internal/ui/ui.go:130.25,132.2 1 0
github.com/elpic/blueprint/internal/crypto/crypto.go:17.69,20.58 2 1
github.com/elpic/blueprint/internal/crypto/crypto.go:20.58,22.3 1 0
github.com/elpic/blueprint/internal/crypto/crypto.go:24.2,28.16 3 1
github.com/elpic/blueprint/internal/crypto/crypto.go:28.16,30.3 1 0
github.com/elpic/blueprint/internal/crypto/crypto.go:32.2,33.16 2 1
github.com/elpic/blueprint/internal/crypto/crypto.go:33.16,35.3 1 0
github.com/elpic/blueprint/internal/crypto/crypto.go:38.2,39.59 2 1
github.com/elpic/blueprint/internal/crypto/crypto.go:39.59,41.3 1 0
github.com/elpic/blueprint/internal/crypto/crypto.go:44.2,48.17 4 1
github.com/elpic/blueprint/internal/crypto/crypto.go:52.70,54.32 1 1
github.com/elpic/blueprint/internal/crypto/crypto.go:54.32,56.3 1 1
github.com/elpic/blueprint/internal/crypto/crypto.go:57.2,63.16 5 1
github.com/elpic/blueprint/internal/crypto/crypto.go:63.16,65.3 1 0
github.com/elpic/blueprint/internal/crypto/crypto.go:67.2,68.16 2 1
github.com/elpic/blueprint/internal/crypto/crypto.go:68.16,70.3 1 0
github.com/elpic/blueprint/internal/crypto/crypto.go:72.2,73.27 2 1
github.com/elpic/blueprint/internal/crypto/crypto.go:73.27,75.3 1 0
github.com/elpic/blueprint/internal/crypto/crypto.go:77.2,82.16 4 1
github.com/elpic/blueprint/internal/crypto/crypto.go:82.16,84.3 1 1
github.com/elpic/blueprint/internal/crypto/crypto.go:86.2,86.23 1 1
github.com/elpic/blueprint/internal/crypto/crypto.go:93.53,95.2 1 1
github.com/elpic/blueprint/cmd/blueprint/main.go:11.85,12.33 1 0
github.com/elpic/blueprint/cmd/blueprint/main.go:12.33,13.18 1 0
github.com/elpic/blueprint/cmd/blueprint/main.go:14.23,15.23 1 0
github.com/elpic/blueprint/cmd/blueprint/main.go:15.23,18.5 2 0
github.com/elpic/blueprint/cmd/blueprint/main.go:19.20,20.23 1 0
github.com/elpic/blueprint/cmd/blueprint/main.go:20.23,23.5 2 0
github.com/elpic/blueprint/cmd/blueprint/main.go:24.17,25.23 1 0
github.com/elpic/blueprint/cmd/blueprint/main.go:25.23,28.5 2 0
github.com/elpic/blueprint/cmd/blueprint/main.go:29.25,30.22 1 0
github.com/elpic/blueprint/cmd/blueprint/main.go:33.2,33.8 1 0
github.com/elpic/blueprint/cmd/blueprint/main.go:41.38,43.2 1 1
github.com/elpic/blueprint/cmd/blueprint/main.go:45.47,47.2 1 1
github.com/elpic/blueprint/cmd/blueprint/main.go:49.13,50.22 1 0
github.com/elpic/blueprint/cmd/blueprint/main.go:50.22,53.3 2 0
github.com/elpic/blueprint/cmd/blueprint/main.go:55.2,57.14 2 0
github.com/elpic/blueprint/cmd/blueprint/main.go:58.17,61.24 3 0
github.com/elpic/blueprint/cmd/blueprint/main.go:61.24,63.4 1 0
github.com/elpic/blueprint/cmd/blueprint/main.go:64.3,64.24 1 0
github.com/elpic/blueprint/cmd/blueprint/main.go:64.24,66.4 1 0
github.com/elpic/blueprint/cmd/blueprint/main.go:67.3,67.45 1 0
github.com/elpic/blueprint/cmd/blueprint/main.go:68.14,69.23 1 0
github.com/elpic/blueprint/cmd/blueprint/main.go:69.23,72.4 2 0
github.com/elpic/blueprint/cmd/blueprint/main.go:73.3,75.73 3 0
github.com/elpic/blueprint/cmd/blueprint/main.go:76.15,77.23 1 0
github.com/elpic/blueprint/cmd/blueprint/main.go:77.23,80.4 2 0
github.com/elpic/blueprint/cmd/blueprint/main.go:81.3,83.74 3 0
github.com/elpic/blueprint/cmd/blueprint/main.go:84.17,85.23 1 0
github.com/elpic/blueprint/cmd/blueprint/main.go:85.23,88.4 2 0
github.com/elpic/blueprint/cmd/blueprint/main.go:89.3,92.37 3 0
github.com/elpic/blueprint/cmd/blueprint/main.go:92.37,93.59 1 0
github.com/elpic/blueprint/cmd/blueprint/main.go:93.59,95.10 2 0
github.com/elpic/blueprint/cmd/blueprint/main.go:98.3,98.39 1 0
github.com/elpic/blueprint/cmd/blueprint/main.go:99.16,100.23 1 0
github.com/elpic/blueprint/cmd/blueprint/main.go:101.12,102.19 1 0
github.com/elpic/blueprint/cmd/blueprint/main.go:103.14,104.23 1 0
github.com/elpic/blueprint/cmd/blueprint/main.go:104.23,107.4 2 0
github.com/elpic/blueprint/cmd/blueprint/main.go:108.3,108.31 1 0
github.com/elpic/blueprint/cmd/blueprint/main.go:109.14,111.37 2 0
github.com/elpic/blueprint/cmd/blueprint/main.go:111.37,112.51 1 0
github.com/elpic/blueprint/cmd/blueprint/main.go:112.51,115.5 2 0
github.com/elpic/blueprint/cmd/blueprint/main.go:117.3,117.25 1 0
github.com/elpic/blueprint/cmd/blueprint/main.go:118.10,120.28 1 0
github.com/elpic/blueprint/cmd/blueprint/main.go:120.28,121.43 1 0
github.com/elpic/blueprint/cmd/blueprint/main.go:121.43,124.5 2 0
github.com/elpic/blueprint/cmd/blueprint/main.go:126.3,127.13 2 0
github.com/elpic/blueprint/internal/git/git.go:29.34,34.38 1 1
github.com/elpic/blueprint/internal/git/git.go:34.38,36.3 1 1
github.com/elpic/blueprint/internal/git/git.go:39.2,44.45 2 1
github.com/elpic/blueprint/internal/git/git.go:44.45,46.3 1 1
github.com/elpic/blueprint/internal/git/git.go:48.2,48.14 1 1
github.com/elpic/blueprint/internal/git/git.go:59.45,67.38 2 0
github.com/elpic/blueprint/internal/git/git.go:67.38,71.58 2 0
github.com/elpic/blueprint/internal/git/git.go:71.58,74.40 3 0
github.com/elpic/blueprint/internal/git/git.go:74.40,77.69 2 0
github.com/elpic/blueprint/internal/git/git.go:77.69,80.6 2 0
github.com/elpic/blueprint/internal/git/git.go:80.11,82.6 1 0
github.com/elpic/blueprint/internal/git/git.go:83.10,83.47 1 0
github.com/elpic/blueprint/internal/git/git.go:83.47,86.5 1 0
github.com/elpic/blueprint/internal/git/git.go:88.3,89.16 2 0
github.com/elpic/blueprint/internal/git/git.go:93.2,96.20 3 0
github.com/elpic/blueprint/internal/git/git.go:96.20,99.67 2 0
github.com/elpic/blueprint/internal/git/git.go:99.67,102.4 2 0
github.com/elpic/blueprint/internal/git/git.go:102.9,104.4 1 0
github.com/elpic/blueprint/internal/git/git.go:108.2,108.59 1 0
github.com/elpic/blueprint/internal/git/git.go:108.59,110.39 2 0
github.com/elpic/blueprint/internal/git/git.go:110.39,113.4 2 0
github.com/elpic/blueprint/internal/git/git.go:116.2,117.15 2 0
github.com/elpic/blueprint/internal/git/git.go:124.74,130.16 3 0
github.com/elpic/blueprint/internal/git/git.go:130.16,132.3 1 0
github.com/elpic/blueprint/internal/git/git.go:134.2,134.13 1 0
github.com/elpic/blueprint/internal/git/git.go:134.13,136.26 2 0
github.com/elpic/blueprint/internal/git/git.go:136.26,138.4 1 0
github.com/elpic/blueprint/internal/git/git.go:139.3,139.32 1 0
github.com/elpic/blueprint/internal/git/git.go:139.32,141.4 1 0
github.com/elpic/blueprint/internal/git/git.go:142.3,142.33 1 0
github.com/elpic/blueprint/internal/git/git.go:146.2,146.76 1 0
github.com/elpic/blueprint/internal/git/git.go:146.76,149.15 3 0
github.com/elpic/blueprint/internal/git/git.go:149.15,151.4 1 0
github.com/elpic/blueprint/internal/git/git.go:152.3,152.26 1 0
github.com/elpic/blueprint/internal/git/git.go:152.26,154.4 1 0
github.com/elpic/blueprint/internal/git/git.go:155.3,159.39 5 0
github.com/elpic/blueprint/internal/git/git.go:159.39,162.4 2 0
github.com/elpic/blueprint/internal/git/git.go:165.2,165.13 1 0
github.com/elpic/blueprint/internal/git/git.go:165.13,167.3 1 0
github.com/elpic/blueprint/internal/git/git.go:168.2,168.33 1 0
github.com/elpic/blueprint/internal/git/git.go:172.63,175.13 2 0
github.com/elpic/blueprint/internal/git/git.go:175.13,177.3 1 0
github.com/elpic/blueprint/internal/git/git.go:177.8,179.3 1 0
github.com/elpic/blueprint/internal/git/git.go:181.2,187.18 2 0
github.com/elpic/blueprint/internal/git/git.go:187.18,190.3 2 0
github.com/elpic/blueprint/internal/git/git.go:193.2,193.77 1 0
github.com/elpic/blueprint/internal/git/git.go:193.77,195.59 1 0
github.com/elpic/blueprint/internal/git/git.go:195.59,196.55 1 0
github.com/elpic/blueprint/internal/git/git.go:196.55,201.5 1 0
github.com/elpic/blueprint/internal/git/git.go:203.8,203.43 1 0
github.com/elpic/blueprint/internal/git/git.go:203.43,204.49 1 0
github.com/elpic/blueprint/internal/git/git.go:204.49,206.4 1 0
github.com/elpic/blueprint/internal/git/git.go:210.2,211.12 2 0
github.com/elpic/blueprint/internal/git/git.go:216.46,218.16 2 0
github.com/elpic/blueprint/internal/git/git.go:218.16,220.3 1 0
github.com/elpic/blueprint/internal/git/git.go:221.2,222.59 2 0
github.com/elpic/blueprint/internal/git/git.go:222.59,225.3 2 0
github.com/elpic/blueprint/internal/git/git.go:226.2,227.21 2 0
github.com/elpic/blueprint/internal/git/git.go:227.21,230.3 2 0
github.com/elpic/blueprint/internal/git/git.go:231.2,231.11 1 0
github.com/elpic/blueprint/internal/git/git.go:237.40,242.16 3 0
github.com/elpic/blueprint/internal/git/git.go:242.16,245.3 2 0
github.com/elpic/blueprint/internal/git/git.go:248.2,249.16 2 0
github.com/elpic/blueprint/internal/git/git.go:249.16,251.3 1 0
github.com/elpic/blueprint/internal/git/git.go:253.2,259.37 2 0
github.com/elpic/blueprint/internal/git/git.go:259.37,260.53 1 0
github.com/elpic/blueprint/internal/git/git.go:260.53,261.12 1 0
github.com/elpic/blueprint/internal/git/git.go:263.3,264.20 2 0
github.com/elpic/blueprint/internal/git/git.go:264.20,267.4 2 0
github.com/elpic/blueprint/internal/git/git.go:270.2,270.112 1 0
github.com/elpic/blueprint/internal/git/git.go:275.54,276.16 1 0
github.com/elpic/blueprint/internal/git/git.go:276.16,278.3 1 0
github.com/elpic/blueprint/internal/git/git.go:280.2,281.46 2 0
github.com/elpic/blueprint/internal/git/git.go:281.46,283.3 1 0
github.com/elpic/blueprint/internal/git/git.go:285.2,285.68 1 0
github.com/elpic/blueprint/internal/git/git.go:289.43,290.16 1 0
github.com/elpic/blueprint/internal/git/git.go:290.16,292.3 1 0
github.com/elpic/blueprint/internal/git/git.go:293.2,293.27 1 0
github.com/elpic/blueprint/internal/git/git.go:298.35,300.2 1 0
github.com/elpic/blueprint/internal/git/git.go:304.47,306.18 2 0
github.com/elpic/blueprint/internal/git/git.go:306.18,308.3 1 0
github.com/elpic/blueprint/internal/git/git.go:309.2,309.28 1 0
github.com/elpic/blueprint/internal/git/git.go:313.33,315.16 2 0
github.com/elpic/blueprint/internal/git/git.go:315.16,317.3 1 0
github.com/elpic/blueprint/internal/git/git.go:318.2,319.16 2 0
github.com/elpic/blueprint/internal/git/git.go:319.16,321.3 1 0
github.com/elpic/blueprint/internal/git/git.go:322.2,322.28 1 0
github.com/elpic/blueprint/internal/git/git.go:326.57,327.77 1 0
github.com/elpic/blueprint/internal/git/git.go:327.77,328.59 1 0
github.com/elpic/blueprint/internal/git/git.go:328.59,329.55 1 0
github.com/elpic/blueprint/internal/git/git.go:329.55,331.5 1 0
github.com/elpic/blueprint/internal/git/git.go:333.3,333.59 1 0
github.com/elpic/blueprint/internal/git/git.go:335.2,335.36 1 0
github.com/elpic/blueprint/internal/git/git.go:335.36,337.3 1 0
github.com/elpic/blueprint/internal/git/git.go:338.2,338.50 1 0
github.com/elpic/blueprint/internal/git/git.go:344.40,350.16 3 0
github.com/elpic/blueprint/internal/git/git.go:350.16,352.3 1 0
github.com/elpic/blueprint/internal/git/git.go:354.2,355.25 2 0
github.com/elpic/blueprint/internal/git/git.go:355.25,356.25 1 0
github.com/elpic/blueprint/internal/git/git.go:356.25,358.4 1 0
github.com/elpic/blueprint/internal/git/git.go:362.2,362.32 1 0
github.com/elpic/blueprint/internal/git/git.go:362.32,364.3 1 0
github.com/elpic/blueprint/internal/git/git.go:367.2,367.19 1 0
github.com/elpic/blueprint/internal/git/git.go:367.19,368.26 1 0
github.com/elpic/blueprint/internal/git/git.go:368.26,369.77 1 0
github.com/elpic/blueprint/internal/git/git.go:369.77,371.5 1 0
github.com/elpic/blueprint/internal/git/git.go:375.2,375.11 1 0
github.com/elpic/blueprint/internal/git/git.go:382.88,384.35 1 0
github.com/elpic/blueprint/internal/git/git.go:384.35,386.17 2 0
github.com/elpic/blueprint/internal/git/git.go:386.17,388.4 1 0
github.com/elpic/blueprint/internal/git/git.go:389.3,389.42 1 0
github.com/elpic/blueprint/internal/git/git.go:393.2,393.62 1 0
github.com/elpic/blueprint/internal/git/git.go:393.62,395.3 1 0
github.com/elpic/blueprint/internal/git/git.go:397.2,400.16 3 0
github.com/elpic/blueprint/internal/git/git.go:400.16,405.19 3 0
github.com/elpic/blueprint/internal/git/git.go:405.19,407.4 1 0
github.com/elpic/blueprint/internal/git/git.go:408.3,411.45 2 0
github.com/elpic/blueprint/internal/git/git.go:411.45,413.4 1 0
github.com/elpic/blueprint/internal/git/git.go:416.3,417.3 2 0
github.com/elpic/blueprint/internal/git/git.go:417.3,419.22 2 0
github.com/elpic/blueprint/internal/git/git.go:419.22,424.55 2 0
github.com/elpic/blueprint/internal/git/git.go:424.55,426.6 1 0
github.com/elpic/blueprint/internal/git/git.go:427.5,428.64 2 0
github.com/elpic/blueprint/internal/git/git.go:428.64,430.6 1 0
github.com/elpic/blueprint/internal/git/git.go:433.3,433.15 1 0
github.com/elpic/blueprint/internal/git/git.go:433.15,439.51 5 0
github.com/elpic/blueprint/internal/git/git.go:439.51,441.5 1 0
github.com/elpic/blueprint/internal/git/git.go:445.3,446.17 2 0
github.com/elpic/blueprint/internal/git/git.go:446.17,448.4 1 0
github.com/elpic/blueprint/internal/git/git.go:451.3,452.19 2 0
github.com/elpic/blueprint/internal/git/git.go:452.19,454.21 2 0
github.com/elpic/blueprint/internal/git/git.go:454.21,456.5 1 0
github.com/elpic/blueprint/internal/git/git.go:457.4,457.27 1 0
github.com/elpic/blueprint/internal/git/git.go:458.9,460.21 2 0
github.com/elpic/blueprint/internal/git/git.go:460.21,463.22 2 0
github.com/elpic/blueprint/internal/git/git.go:463.22,465.6 1 0
github.com/elpic/blueprint/internal/git/git.go:467.4,467.27 1 0
github.com/elpic/blueprint/internal/git/git.go:470.3,471.17 2 0
github.com/elpic/blueprint/internal/git/git.go:471.17,473.4 1 0
github.com/elpic/blueprint/internal/git/git.go:474.3,477.18 1 0
github.com/elpic/blueprint/internal/git/git.go:477.18,479.4 1 0
github.com/elpic/blueprint/internal/git/git.go:481.3,482.23 2 0
github.com/elpic/blueprint/internal/git/git.go:482.23,484.4 1 0
github.com/elpic/blueprint/internal/git/git.go:485.3,485.51 1 0
github.com/elpic/blueprint/internal/git/git.go:489.2,489.69 1 0
github.com/elpic/blueprint/internal/git/git.go:489.69,493.19 3 0
github.com/elpic/blueprint/internal/git/git.go:493.19,495.4 1 0
github.com/elpic/blueprint/internal/git/git.go:496.3,500.40 5 0
github.com/elpic/blueprint/internal/git/git.go:500.40,502.4 1 0
github.com/elpic/blueprint/internal/git/git.go:505.2,506.34 2 0
github.com/elpic/blueprint/internal/handlers/asdf.go:30.38,36.31 2 0
github.com/elpic/blueprint/internal/handlers/asdf.go:36.31,37.39 1 0
github.com/elpic/blueprint/internal/handlers/asdf.go:37.39,39.4 1 0
github.com/elpic/blueprint/internal/handlers/asdf.go:42.2,43.19 2 0
github.com/elpic/blueprint/internal/handlers/asdf.go:52.69,59.2 1 1
github.com/elpic/blueprint/internal/handlers/asdf.go:62.44,68.18 4 1
github.com/elpic/blueprint/internal/handlers/asdf.go:68.18,70.3 1 0
github.com/elpic/blueprint/internal/handlers/asdf.go:70.8,74.17 2 1
github.com/elpic/blueprint/internal/handlers/asdf.go:74.17,78.18 3 1
github.com/elpic/blueprint/internal/handlers/asdf.go:78.18,80.42 1 0
github.com/elpic/blueprint/internal/handlers/asdf.go:80.42,82.46 1 0
github.com/elpic/blueprint/internal/handlers/asdf.go:82.46,84.7 1 0
github.com/elpic/blueprint/internal/handlers/asdf.go:85.6,85.25 1 0
github.com/elpic/blueprint/internal/handlers/asdf.go:92.2,92.18 1 1
github.com/elpic/blueprint/internal/handlers/asdf.go:92.18,93.65 1 0
github.com/elpic/blueprint/internal/handlers/asdf.go:93.65,95.4 1 0
github.com/elpic/blueprint/internal/handlers/asdf.go:99.2,101.42 2 1
github.com/elpic/blueprint/internal/handlers/asdf.go:101.42,103.22 2 1
github.com/elpic/blueprint/internal/handlers/asdf.go:103.22,105.4 1 0
github.com/elpic/blueprint/internal/handlers/asdf.go:107.3,111.37 3 1
github.com/elpic/blueprint/internal/handlers/asdf.go:111.37,113.4 1 0
github.com/elpic/blueprint/internal/handlers/asdf.go:114.3,114.38 1 1
github.com/elpic/blueprint/internal/handlers/asdf.go:114.38,116.4 1 0
github.com/elpic/blueprint/internal/handlers/asdf.go:119.3,119.46 1 1
github.com/elpic/blueprint/internal/handlers/asdf.go:119.46,120.12 1 1
github.com/elpic/blueprint/internal/handlers/asdf.go:124.3,124.37 1 0
github.com/elpic/blueprint/internal/handlers/asdf.go:124.37,126.4 1 0
github.com/elpic/blueprint/internal/handlers/asdf.go:127.3,127.66 1 0
github.com/elpic/blueprint/internal/handlers/asdf.go:131.2,132.31 2 1
github.com/elpic/blueprint/internal/handlers/asdf.go:132.31,136.17 4 0
github.com/elpic/blueprint/internal/handlers/asdf.go:136.17,138.4 1 0
github.com/elpic/blueprint/internal/handlers/asdf.go:141.2,141.23 1 1
github.com/elpic/blueprint/internal/handlers/asdf.go:141.23,143.3 1 1
github.com/elpic/blueprint/internal/handlers/asdf.go:144.2,144.17 1 0
github.com/elpic/blueprint/internal/handlers/asdf.go:144.17,146.3 1 0
github.com/elpic/blueprint/internal/handlers/asdf.go:147.2,147.42 1 0
github.com/elpic/blueprint/internal/handlers/asdf.go:151.46,153.42 1 0
github.com/elpic/blueprint/internal/handlers/asdf.go:153.42,155.22 2 0
github.com/elpic/blueprint/internal/handlers/asdf.go:155.22,156.12 1 0
github.com/elpic/blueprint/internal/handlers/asdf.go:159.3,163.72 3 0
github.com/elpic/blueprint/internal/handlers/asdf.go:163.72,164.12 1 0
github.com/elpic/blueprint/internal/handlers/asdf.go:168.3,175.17 5 0
github.com/elpic/blueprint/internal/handlers/asdf.go:175.17,181.25 3 0
github.com/elpic/blueprint/internal/handlers/asdf.go:181.25,184.5 2 0
github.com/elpic/blueprint/internal/handlers/asdf.go:190.2,193.16 4 0
github.com/elpic/blueprint/internal/handlers/asdf.go:193.16,195.3 1 0
github.com/elpic/blueprint/internal/handlers/asdf.go:198.2,198.22 1 0
github.com/elpic/blueprint/internal/handlers/asdf.go:198.22,199.43 1 0
github.com/elpic/blueprint/internal/handlers/asdf.go:199.43,201.4 1 0
github.com/elpic/blueprint/internal/handlers/asdf.go:202.3,202.49 1 0
github.com/elpic/blueprint/internal/handlers/asdf.go:205.2,205.41 1 0
github.com/elpic/blueprint/internal/handlers/asdf.go:209.65,213.16 3 1
github.com/elpic/blueprint/internal/handlers/asdf.go:213.16,215.3 1 1
github.com/elpic/blueprint/internal/handlers/asdf.go:218.2,219.22 2 0
github.com/elpic/blueprint/internal/handlers/asdf.go:219.22,221.3 1 0
github.com/elpic/blueprint/internal/handlers/asdf.go:224.2,229.21 4 0
github.com/elpic/blueprint/internal/handlers/asdf.go:229.21,231.3 1 0
github.com/elpic/blueprint/internal/handlers/asdf.go:233.2,233.24 1 0
github.com/elpic/blueprint/internal/handlers/asdf.go:238.45,239.30 1 0
github.com/elpic/blueprint/internal/handlers/asdf.go:239.30,240.95 1 0
github.com/elpic/blueprint/internal/handlers/asdf.go:240.95,242.4 1 0
github.com/elpic/blueprint/internal/handlers/asdf.go:243.3,243.13 1 0
github.com/elpic/blueprint/internal/handlers/asdf.go:246.2,247.44 2 0
github.com/elpic/blueprint/internal/handlers/asdf.go:247.44,249.3 1 0
github.com/elpic/blueprint/internal/handlers/asdf.go:250.2,251.62 2 0
github.com/elpic/blueprint/internal/handlers/asdf.go:251.62,253.3 1 0
github.com/elpic/blueprint/internal/handlers/asdf.go:254.2,254.12 1 0
github.com/elpic/blueprint/internal/handlers/asdf.go:259.68,260.22 1 0
github.com/elpic/blueprint/internal/handlers/asdf.go:261.16,262.30 1 0
github.com/elpic/blueprint/internal/handlers/asdf.go:264.15,265.48 1 0
github.com/elpic/blueprint/internal/handlers/asdf.go:267.10,268.75 1 0
github.com/elpic/blueprint/internal/handlers/asdf.go:273.48,280.63 4 0
github.com/elpic/blueprint/internal/handlers/asdf.go:280.63,282.3 1 0
github.com/elpic/blueprint/internal/handlers/asdf.go:284.2,284.12 1 0
github.com/elpic/blueprint/internal/handlers/asdf.go:289.73,292.16 2 0
github.com/elpic/blueprint/internal/handlers/asdf.go:292.16,294.3 1 0
github.com/elpic/blueprint/internal/handlers/asdf.go:297.2,297.19 1 0
github.com/elpic/blueprint/internal/handlers/asdf.go:297.19,299.17 2 0
github.com/elpic/blueprint/internal/handlers/asdf.go:299.17,301.4 1 0
github.com/elpic/blueprint/internal/handlers/asdf.go:302.3,302.27 1 0
github.com/elpic/blueprint/internal/handlers/asdf.go:305.2,309.16 3 0
github.com/elpic/blueprint/internal/handlers/asdf.go:309.16,311.3 1 0
github.com/elpic/blueprint/internal/handlers/asdf.go:312.2,312.15 1 0
github.com/elpic/blueprint/internal/handlers/asdf.go:312.15,314.3 1 0
github.com/elpic/blueprint/internal/handlers/asdf.go:317.2,319.64 3 0
github.com/elpic/blueprint/internal/handlers/asdf.go:319.64,321.3 1 0
github.com/elpic/blueprint/internal/handlers/asdf.go:324.2,325.63 2 0
github.com/elpic/blueprint/internal/handlers/asdf.go:325.63,327.3 1 0
github.com/elpic/blueprint/internal/handlers/asdf.go:330.2,331.52 2 0
github.com/elpic/blueprint/internal/handlers/asdf.go:331.52,333.3 1 0
github.com/elpic/blueprint/internal/handlers/asdf.go:336.2,339.64 2 0
github.com/elpic/blueprint/internal/handlers/asdf.go:339.64,343.54 1 0
github.com/elpic/blueprint/internal/handlers/asdf.go:343.54,345.4 1 0
github.com/elpic/blueprint/internal/handlers/asdf.go:346.8,349.59 2 0
github.com/elpic/blueprint/internal/handlers/asdf.go:349.59,351.4 1 0
github.com/elpic/blueprint/internal/handlers/asdf.go:355.3,356.62 2 0
github.com/elpic/blueprint/internal/handlers/asdf.go:356.62,358.4 1 0
github.com/elpic/blueprint/internal/handlers/asdf.go:364.2,364.12 1 0
github.com/elpic/blueprint/internal/handlers/asdf.go:368.45,369.22 1 0
github.com/elpic/blueprint/internal/handlers/asdf.go:370.16,371.32 1 0
github.com/elpic/blueprint/internal/handlers/asdf.go:373.15,374.32 1 0
github.com/elpic/blueprint/internal/handlers/asdf.go:376.10,377.77 1 0
github.com/elpic/blueprint/internal/handlers/asdf.go:382.50,385.65 2 0
github.com/elpic/blueprint/internal/handlers/asdf.go:385.65,387.3 1 0
github.com/elpic/blueprint/internal/handlers/asdf.go:390.2,391.66 2 0
github.com/elpic/blueprint/internal/handlers/asdf.go:391.66,393.3 1 0
github.com/elpic/blueprint/internal/handlers/asdf.go:395.2,395.12 1 0
github.com/elpic/blueprint/internal/handlers/asdf.go:399.50,403.44 2 0
github.com/elpic/blueprint/internal/handlers/asdf.go:403.44,405.3 1 0
github.com/elpic/blueprint/internal/handlers/asdf.go:408.2,409.62 2 0
github.com/elpic/blueprint/internal/handlers/asdf.go:409.62,411.3 1 0
github.com/elpic/blueprint/internal/handlers/asdf.go:413.2,413.12 1 0
github.com/elpic/blueprint/internal/handlers/asdf.go:417.43,418.34 1 1
github.com/elpic/blueprint/internal/handlers/asdf.go:418.34,420.3 1 1
github.com/elpic/blueprint/internal/handlers/asdf.go:423.2,423.34 1 1
github.com/elpic/blueprint/internal/handlers/asdf.go:423.34,425.43 2 1
github.com/elpic/blueprint/internal/handlers/asdf.go:425.43,427.23 2 1
github.com/elpic/blueprint/internal/handlers/asdf.go:427.23,431.5 3 1
github.com/elpic/blueprint/internal/handlers/asdf.go:433.3,433.24 1 1
github.com/elpic/blueprint/internal/handlers/asdf.go:433.24,435.4 1 1
github.com/elpic/blueprint/internal/handlers/asdf.go:438.2,438.20 1 1
github.com/elpic/blueprint/internal/handlers/asdf.go:442.118,446.29 2 1
github.com/elpic/blueprint/internal/handlers/asdf.go:446.29,449.34 2 1
github.com/elpic/blueprint/internal/handlers/asdf.go:449.34,451.86 1 1
github.com/elpic/blueprint/internal/handlers/asdf.go:451.86,453.10 2 1
github.com/elpic/blueprint/internal/handlers/asdf.go:457.3,457.22 1 1
github.com/elpic/blueprint/internal/handlers/asdf.go:457.22,460.44 1 1
github.com/elpic/blueprint/internal/handlers/asdf.go:460.44,462.24 2 1
github.com/elpic/blueprint/internal/handlers/asdf.go:462.24,468.40 4 1
github.com/elpic/blueprint/internal/handlers/asdf.go:468.40,470.72 1 1
github.com/elpic/blueprint/internal/handlers/asdf.go:470.72,472.13 2 1
github.com/elpic/blueprint/internal/handlers/asdf.go:477.6,477.17 1 1
github.com/elpic/blueprint/internal/handlers/asdf.go:477.17,485.7 1 1
github.com/elpic/blueprint/internal/handlers/asdf.go:489.8,489.77 1 1
github.com/elpic/blueprint/internal/handlers/asdf.go:489.77,491.38 1 1
github.com/elpic/blueprint/internal/handlers/asdf.go:491.38,493.44 1 1
github.com/elpic/blueprint/internal/handlers/asdf.go:493.44,495.24 2 1
github.com/elpic/blueprint/internal/handlers/asdf.go:495.24,501.40 4 1
github.com/elpic/blueprint/internal/handlers/asdf.go:501.40,504.72 1 1
github.com/elpic/blueprint/internal/handlers/asdf.go:504.72,506.8 1 1
github.com/elpic/blueprint/internal/handlers/asdf.go:508.6,508.29 1 1
github.com/elpic/blueprint/internal/handlers/asdf.go:514.2,514.12 1 1
github.com/elpic/blueprint/internal/handlers/asdf.go:518.37,520.34 2 1
github.com/elpic/blueprint/internal/handlers/asdf.go:520.34,522.3 1 1
github.com/elpic/blueprint/internal/handlers/asdf.go:524.2,524.34 1 1
github.com/elpic/blueprint/internal/handlers/asdf.go:524.34,526.3 1 1
github.com/elpic/blueprint/internal/handlers/asdf.go:526.8,528.3 1 1
github.com/elpic/blueprint/internal/handlers/asdf.go:533.63,534.19 1 0
github.com/elpic/blueprint/internal/handlers/asdf.go:534.19,536.3 1 0
github.com/elpic/blueprint/internal/handlers/asdf.go:539.2,539.27 1 0
github.com/elpic/blueprint/internal/handlers/asdf.go:539.27,544.37 2 0
github.com/elpic/blueprint/internal/handlers/asdf.go:544.37,548.18 3 0
github.com/elpic/blueprint/internal/handlers/asdf.go:548.18,550.5 1 0
github.com/elpic/blueprint/internal/handlers/asdf.go:550.10,552.5 1 0
github.com/elpic/blueprint/internal/handlers/asdf.go:555.4,562.5 2 0
github.com/elpic/blueprint/internal/handlers/asdf.go:568.49,570.34 2 1
github.com/elpic/blueprint/internal/handlers/asdf.go:570.34,571.39 1 0
github.com/elpic/blueprint/internal/handlers/asdf.go:571.39,573.4 1 0
github.com/elpic/blueprint/internal/handlers/asdf.go:575.2,575.43 1 1
github.com/elpic/blueprint/internal/handlers/asdf.go:580.66,581.34 1 1
github.com/elpic/blueprint/internal/handlers/asdf.go:581.34,583.3 1 1
github.com/elpic/blueprint/internal/handlers/asdf.go:584.2,584.15 1 1
github.com/elpic/blueprint/internal/handlers/asdf.go:588.68,594.2 2 1
github.com/elpic/blueprint/internal/handlers/asdf.go:597.130,602.36 3 1
github.com/elpic/blueprint/internal/handlers/asdf.go:602.36,603.28 1 0
github.com/elpic/blueprint/internal/handlers/asdf.go:603.28,604.42 1 0
github.com/elpic/blueprint/internal/handlers/asdf.go:604.42,606.5 1 0
github.com/elpic/blueprint/internal/handlers/asdf.go:611.2,612.25 2 1
github.com/elpic/blueprint/internal/handlers/asdf.go:612.25,613.37 1 0
github.com/elpic/blueprint/internal/handlers/asdf.go:613.37,615.77 2 0
github.com/elpic/blueprint/internal/handlers/asdf.go:615.77,617.33 2 0
github.com/elpic/blueprint/internal/handlers/asdf.go:617.33,620.6 1 0
github.com/elpic/blueprint/internal/handlers/asdf.go:626.2,627.35 2 1
github.com/elpic/blueprint/internal/handlers/asdf.go:627.35,633.3 1 0
github.com/elpic/blueprint/internal/handlers/asdf.go:635.2,635.14 1 1
github.com/elpic/blueprint/internal/handlers/asdf.go:639.86,641.42 2 0
github.com/elpic/blueprint/internal/handlers/asdf.go:641.42,645.22 4 0
github.com/elpic/blueprint/internal/handlers/asdf.go:645.22,647.4 1 0
github.com/elpic/blueprint/internal/handlers/asdf.go:648.3,649.34 2 0
github.com/elpic/blueprint/internal/handlers/asdf.go:649.34,650.121 1 0
github.com/elpic/blueprint/internal/handlers/asdf.go:650.121,652.10 2 0
github.com/elpic/blueprint/internal/handlers/asdf.go:655.3,655.13 1 0
github.com/elpic/blueprint/internal/handlers/asdf.go:655.13,657.4 1 0
github.com/elpic/blueprint/internal/handlers/asdf.go:659.2,659.13 1 0
github.com/elpic/blueprint/internal/handlers/asdf.go:663.61,664.33 1 1
github.com/elpic/blueprint/internal/handlers/asdf.go:664.33,666.88 1 1
github.com/elpic/blueprint/internal/handlers/asdf.go:666.88,668.4 1 1
github.com/elpic/blueprint/internal/handlers/asdf.go:670.2,670.14 1 0
github.com/elpic/blueprint/internal/handlers/asdf.go:674.23,676.16 2 1
github.com/elpic/blueprint/internal/handlers/asdf.go:676.16,678.39 2 1
github.com/elpic/blueprint/internal/handlers/asdf.go:678.39,680.4 1 0
github.com/elpic/blueprint/internal/handlers/asdf.go:682.2,682.49 1 1
github.com/elpic/blueprint/internal/handlers/asdf.go:682.49,684.3 1 0
github.com/elpic/blueprint/internal/handlers/asdf.go:685.2,685.15 1 1
github.com/elpic/blueprint/internal/handlers/asdf.go:689.54,693.16 4 0
github.com/elpic/blueprint/internal/handlers/asdf.go:693.16,695.3 1 0
github.com/elpic/blueprint/internal/handlers/asdf.go:696.2,696.56 1 0
github.com/elpic/blueprint/internal/handlers/asdf.go:696.56,697.40 1 0
github.com/elpic/blueprint/internal/handlers/asdf.go:697.40,699.4 1 0
github.com/elpic/blueprint/internal/handlers/asdf.go:701.2,701.14 1 0
github.com/elpic/blueprint/internal/handlers/asdf.go:706.64,710.16 4 0
github.com/elpic/blueprint/internal/handlers/asdf.go:710.16,712.3 1 0
github.com/elpic/blueprint/internal/handlers/asdf.go:713.2,713.56 1 0
github.com/elpic/blueprint/internal/handlers/asdf.go:713.56,714.41 1 0
github.com/elpic/blueprint/internal/handlers/asdf.go:714.41,716.4 1 0
github.com/elpic/blueprint/internal/handlers/asdf.go:718.2,718.14 1 0
github.com/elpic/blueprint/internal/handlers/asdf.go:723.52,724.22 1 1
github.com/elpic/blueprint/internal/handlers/asdf.go:724.22,726.3 1 0
github.com/elpic/blueprint/internal/handlers/asdf.go:728.2,729.16 2 1
github.com/elpic/blueprint/internal/handlers/asdf.go:729.16,731.3 1 0
github.com/elpic/blueprint/internal/handlers/asdf.go:732.2,732.16 1 1
github.com/elpic/blueprint/internal/handlers/asdf.go:737.46,741.16 3 0
github.com/elpic/blueprint/internal/handlers/asdf.go:741.16,743.3 1 0
github.com/elpic/blueprint/internal/handlers/asdf.go:745.2,748.14 2 0
github.com/elpic/blueprint/internal/handlers/asdf.go:749.16,750.22 1 0
github.com/elpic/blueprint/internal/handlers/asdf.go:751.17,752.22 1 0
github.com/elpic/blueprint/internal/handlers/asdf.go:753.15,754.22 1 0
github.com/elpic/blueprint/internal/handlers/asdf.go:755.22,756.20 1 0
github.com/elpic/blueprint/internal/handlers/asdf.go:757.10,758.62 1 0
github.com/elpic/blueprint/internal/handlers/asdf.go:763.45,766.28 2 1
github.com/elpic/blueprint/internal/handlers/asdf.go:766.28,769.3 2 1
github.com/elpic/blueprint/internal/handlers/asdf.go:770.2,774.16 3 0
github.com/elpic/blueprint/internal/handlers/asdf.go:774.16,776.3 1 0
github.com/elpic/blueprint/internal/handlers/asdf.go:777.2,777.15 1 0
github.com/elpic/blueprint/internal/handlers/asdf.go:777.15,779.3 1 0
github.com/elpic/blueprint/internal/handlers/asdf.go:781.2,781.38 1 0
github.com/elpic/blueprint/internal/handlers/asdf.go:781.38,783.3 1 0
github.com/elpic/blueprint/internal/handlers/asdf.go:785.2,786.16 2 0
github.com/elpic/blueprint/internal/handlers/asdf.go:786.16,788.3 1 0
github.com/elpic/blueprint/internal/handlers/asdf.go:790.2,794.55 2 0
github.com/elpic/blueprint/internal/handlers/asdf.go:794.55,796.3 1 0
github.com/elpic/blueprint/internal/handlers/asdf.go:799.2,800.19 2 0
github.com/elpic/blueprint/internal/handlers/asdf.go:800.19,802.3 1 0
github.com/elpic/blueprint/internal/handlers/asdf.go:805.2,809.21 4 0
github.com/elpic/blueprint/internal/handlers/clone.go:14.41,16.2 1 0
github.com/elpic/blueprint/internal/handlers/clone.go:19.53,21.2 1 0
github.com/elpic/blueprint/internal/handlers/clone.go:29.71,36.2 1 1
github.com/elpic/blueprint/internal/handlers/clone.go:39.45,49.16 3 0
github.com/elpic/blueprint/internal/handlers/clone.go:49.16,51.3 1 0
github.com/elpic/blueprint/internal/handlers/clone.go:54.2,54.16 1 0
github.com/elpic/blueprint/internal/handlers/clone.go:55.16,56.19 1 0
github.com/elpic/blueprint/internal/handlers/clone.go:56.19,58.4 1 0
github.com/elpic/blueprint/internal/handlers/clone.go:59.3,59.23 1 0
github.com/elpic/blueprint/internal/handlers/clone.go:61.17,62.35 1 0
github.com/elpic/blueprint/internal/handlers/clone.go:62.35,65.4 1 0
github.com/elpic/blueprint/internal/handlers/clone.go:66.3,66.19 1 0
github.com/elpic/blueprint/internal/handlers/clone.go:66.19,68.4 1 0
github.com/elpic/blueprint/internal/handlers/clone.go:69.3,69.24 1 0
github.com/elpic/blueprint/internal/handlers/clone.go:71.28,72.19 1 0
github.com/elpic/blueprint/internal/handlers/clone.go:72.19,74.4 1 0
github.com/elpic/blueprint/internal/handlers/clone.go:75.3,75.35 1 0
github.com/elpic/blueprint/internal/handlers/clone.go:77.10,78.21 1 0
github.com/elpic/blueprint/internal/handlers/clone.go:83.47,87.46 2 1
github.com/elpic/blueprint/internal/handlers/clone.go:87.46,89.17 2 1
github.com/elpic/blueprint/internal/handlers/clone.go:89.17,91.4 1 0
github.com/elpic/blueprint/internal/handlers/clone.go:92.3,92.72 1 1
github.com/elpic/blueprint/internal/handlers/clone.go:95.2,95.36 1 1
github.com/elpic/blueprint/internal/handlers/clone.go:99.44,100.34 1 1
github.com/elpic/blueprint/internal/handlers/clone.go:100.34,103.3 2 1
github.com/elpic/blueprint/internal/handlers/clone.go:106.2,106.25 1 1
github.com/elpic/blueprint/internal/handlers/clone.go:106.25,108.3 1 1
github.com/elpic/blueprint/internal/handlers/clone.go:110.2,110.74 1 1
github.com/elpic/blueprint/internal/handlers/clone.go:114.119,118.30 2 1
github.com/elpic/blueprint/internal/handlers/clone.go:118.30,123.22 3 1
github.com/elpic/blueprint/internal/handlers/clone.go:123.22,136.4 3 1
github.com/elpic/blueprint/internal/handlers/clone.go:137.8,137.78 1 1
github.com/elpic/blueprint/internal/handlers/clone.go:137.78,140.58 2 1
github.com/elpic/blueprint/internal/handlers/clone.go:140.58,143.4 1 1
github.com/elpic/blueprint/internal/handlers/clone.go:146.2,146.12 1 1
github.com/elpic/blueprint/internal/handlers/clone.go:150.38,152.34 2 1
github.com/elpic/blueprint/internal/handlers/clone.go:152.34,154.3 1 1
github.com/elpic/blueprint/internal/handlers/clone.go:156.2,158.25 3 1
github.com/elpic/blueprint/internal/handlers/clone.go:158.25,160.3 1 1
github.com/elpic/blueprint/internal/handlers/clone.go:164.60,165.22 1 1
github.com/elpic/blueprint/internal/handlers/clone.go:165.22,167.3 1 1
github.com/elpic/blueprint/internal/handlers/clone.go:170.2,171.31 2 1
github.com/elpic/blueprint/internal/handlers/clone.go:171.31,172.30 1 1
github.com/elpic/blueprint/internal/handlers/clone.go:172.30,174.4 1 1
github.com/elpic/blueprint/internal/handlers/clone.go:177.2,177.29 1 1
github.com/elpic/blueprint/internal/handlers/clone.go:177.29,179.3 1 0
github.com/elpic/blueprint/internal/handlers/clone.go:181.2,182.38 2 1
github.com/elpic/blueprint/internal/handlers/clone.go:182.38,186.17 3 1
github.com/elpic/blueprint/internal/handlers/clone.go:186.17,188.4 1 1
github.com/elpic/blueprint/internal/handlers/clone.go:188.9,190.4 1 0
github.com/elpic/blueprint/internal/handlers/clone.go:192.3,202.4 2 1
github.com/elpic/blueprint/internal/handlers/clone.go:207.64,208.43 1 0
github.com/elpic/blueprint/internal/handlers/clone.go:208.43,210.3 1 0
github.com/elpic/blueprint/internal/handlers/clone.go:211.2,211.32 1 0
github.com/elpic/blueprint/internal/handlers/clone.go:215.50,217.2 1 1
github.com/elpic/blueprint/internal/handlers/clone.go:220.67,222.2 1 1
github.com/elpic/blueprint/internal/handlers/clone.go:225.69,231.25 2 1
github.com/elpic/blueprint/internal/handlers/clone.go:231.25,233.3 1 0
github.com/elpic/blueprint/internal/handlers/clone.go:234.2,234.14 1 1
github.com/elpic/blueprint/internal/handlers/clone.go:238.131,243.36 3 1
github.com/elpic/blueprint/internal/handlers/clone.go:243.36,244.53 1 0
github.com/elpic/blueprint/internal/handlers/clone.go:244.53,246.4 1 0
github.com/elpic/blueprint/internal/handlers/clone.go:250.2,251.26 2 1
github.com/elpic/blueprint/internal/handlers/clone.go:251.26,252.39 1 0
github.com/elpic/blueprint/internal/handlers/clone.go:252.39,254.112 2 0
github.com/elpic/blueprint/internal/handlers/clone.go:254.112,256.32 1 0
github.com/elpic/blueprint/internal/handlers/clone.go:256.32,263.6 1 0
github.com/elpic/blueprint/internal/handlers/clone.go:269.2,269.14 1 1
github.com/elpic/blueprint/internal/handlers/clone.go:275.87,277.38 2 1
github.com/elpic/blueprint/internal/handlers/clone.go:277.38,278.116 1 1
github.com/elpic/blueprint/internal/handlers/clone.go:278.116,279.12 1 0
github.com/elpic/blueprint/internal/handlers/clone.go:282.3,283.22 2 1
github.com/elpic/blueprint/internal/handlers/clone.go:283.22,286.4 1 1
github.com/elpic/blueprint/internal/handlers/clone.go:287.3,288.34 2 1
github.com/elpic/blueprint/internal/handlers/clone.go:290.2,290.14 1 1
github.com/elpic/blueprint/internal/handlers/decrypt.go:22.108,30.2 1 1
github.com/elpic/blueprint/internal/handlers/decrypt.go:33.47,36.22 2 0
github.com/elpic/blueprint/internal/handlers/decrypt.go:36.22,38.3 1 0
github.com/elpic/blueprint/internal/handlers/decrypt.go:40.2,41.9 2 0
github.com/elpic/blueprint/internal/handlers/decrypt.go:41.9,43.3 1 0
github.com/elpic/blueprint/internal/handlers/decrypt.go:46.2,47.47 2 0
github.com/elpic/blueprint/internal/handlers/decrypt.go:47.47,49.3 1 0
github.com/elpic/blueprint/internal/handlers/decrypt.go:52.2,53.16 2 0
github.com/elpic/blueprint/internal/handlers/decrypt.go:53.16,55.3 1 0
github.com/elpic/blueprint/internal/handlers/decrypt.go:58.2,59.16 2 0
github.com/elpic/blueprint/internal/handlers/decrypt.go:59.16,61.3 1 0
github.com/elpic/blueprint/internal/handlers/decrypt.go:64.2,68.84 3 0
github.com/elpic/blueprint/internal/handlers/decrypt.go:68.84,70.3 1 0
github.com/elpic/blueprint/internal/handlers/decrypt.go:73.2,73.87 1 0
github.com/elpic/blueprint/internal/handlers/decrypt.go:73.87,75.3 1 0
github.com/elpic/blueprint/internal/handlers/decrypt.go:77.2,77.54 1 0
github.com/elpic/blueprint/internal/handlers/decrypt.go:81.49,85.45 2 1
github.com/elpic/blueprint/internal/handlers/decrypt.go:85.45,86.45 1 1
github.com/elpic/blueprint/internal/handlers/decrypt.go:86.45,88.4 1 0
github.com/elpic/blueprint/internal/handlers/decrypt.go:89.3,89.68 1 1
github.com/elpic/blueprint/internal/handlers/decrypt.go:92.2,92.40 1 1
github.com/elpic/blueprint/internal/handlers/decrypt.go:96.46,97.34 1 1
github.com/elpic/blueprint/internal/handlers/decrypt.go:97.34,99.3 1 1
github.com/elpic/blueprint/internal/handlers/decrypt.go:102.2,102.87 1 1
github.com/elpic/blueprint/internal/handlers/decrypt.go:106.121,110.32 2 1
github.com/elpic/blueprint/internal/handlers/decrypt.go:110.32,115.22 3 1
github.com/elpic/blueprint/internal/handlers/decrypt.go:115.22,126.4 2 1
github.com/elpic/blueprint/internal/handlers/decrypt.go:127.8,127.80 1 1
github.com/elpic/blueprint/internal/handlers/decrypt.go:127.80,130.58 2 1
github.com/elpic/blueprint/internal/handlers/decrypt.go:130.58,133.4 1 1
github.com/elpic/blueprint/internal/handlers/decrypt.go:136.2,136.12 1 1
github.com/elpic/blueprint/internal/handlers/decrypt.go:140.40,142.34 2 1
github.com/elpic/blueprint/internal/handlers/decrypt.go:142.34,144.3 1 1
github.com/elpic/blueprint/internal/handlers/decrypt.go:146.2,148.24 3 1
github.com/elpic/blueprint/internal/handlers/decrypt.go:148.24,150.3 1 1
github.com/elpic/blueprint/internal/handlers/decrypt.go:151.2,151.36 1 1
github.com/elpic/blueprint/internal/handlers/decrypt.go:151.36,153.3 1 1
github.com/elpic/blueprint/internal/handlers/decrypt.go:157.62,159.26 1 0
github.com/elpic/blueprint/internal/handlers/decrypt.go:159.26,161.3 1 0
github.com/elpic/blueprint/internal/handlers/decrypt.go:164.2,165.20 2 0
github.com/elpic/blueprint/internal/handlers/decrypt.go:165.20,167.47 2 0
github.com/elpic/blueprint/internal/handlers/decrypt.go:167.47,169.4 1 0
github.com/elpic/blueprint/internal/handlers/decrypt.go:173.2,173.41 1 0
github.com/elpic/blueprint/internal/handlers/decrypt.go:173.41,175.3 1 0
github.com/elpic/blueprint/internal/handlers/decrypt.go:178.2,178.20 1 0
github.com/elpic/blueprint/internal/handlers/decrypt.go:178.20,180.3 1 0
github.com/elpic/blueprint/internal/handlers/decrypt.go:183.2,183.13 1 0
github.com/elpic/blueprint/internal/handlers/decrypt.go:187.66,188.24 1 0
github.com/elpic/blueprint/internal/handlers/decrypt.go:188.24,190.3 1 0
github.com/elpic/blueprint/internal/handlers/decrypt.go:192.2,193.35 2 0
github.com/elpic/blueprint/internal/handlers/decrypt.go:193.35,197.17 3 0
github.com/elpic/blueprint/internal/handlers/decrypt.go:197.17,199.4 1 0
github.com/elpic/blueprint/internal/handlers/decrypt.go:199.9,201.4 1 0
github.com/elpic/blueprint/internal/handlers/decrypt.go:203.3,213.4 2 0
github.com/elpic/blueprint/internal/handlers/decrypt.go:218.66,219.45 1 0
github.com/elpic/blueprint/internal/handlers/decrypt.go:219.45,221.3 1 0
github.com/elpic/blueprint/internal/handlers/decrypt.go:222.2,222.34 1 0
github.com/elpic/blueprint/internal/handlers/decrypt.go:226.52,228.2 1 1
github.com/elpic/blueprint/internal/handlers/decrypt.go:231.69,233.2 1 1
github.com/elpic/blueprint/internal/handlers/decrypt.go:236.71,242.2 1 1
github.com/elpic/blueprint/internal/handlers/decrypt.go:245.133,250.36 3 1
github.com/elpic/blueprint/internal/handlers/decrypt.go:250.36,251.57 1 0
github.com/elpic/blueprint/internal/handlers/decrypt.go:251.57,253.4 1 0
github.com/elpic/blueprint/internal/handlers/decrypt.go:257.2,258.28 2 1
github.com/elpic/blueprint/internal/handlers/decrypt.go:258.28,259.43 1 0
github.com/elpic/blueprint/internal/handlers/decrypt.go:259.43,261.122 2 0
github.com/elpic/blueprint/internal/handlers/decrypt.go:261.122,267.5 1 0
github.com/elpic/blueprint/internal/handlers/decrypt.go:271.2,271.14 1 1
github.com/elpic/blueprint/internal/handlers/decrypt.go:275.89,277.42 2 0
github.com/elpic/blueprint/internal/handlers/decrypt.go:277.42,278.128 1 0
github.com/elpic/blueprint/internal/handlers/decrypt.go:278.128,280.4 1 0
github.com/elpic/blueprint/internal/handlers/decrypt.go:282.2,282.14 1 0
github.com/elpic/blueprint/internal/handlers/dotfiles.go:21.77,28.2 1 1
github.com/elpic/blueprint/internal/handlers/dotfiles.go:31.57,33.2 1 1
github.com/elpic/blueprint/internal/handlers/dotfiles.go:37.59,39.79 2 0
github.com/elpic/blueprint/internal/handlers/dotfiles.go:39.79,41.3 1 0
github.com/elpic/blueprint/internal/handlers/dotfiles.go:42.2,42.29 1 0
github.com/elpic/blueprint/internal/handlers/dotfiles.go:42.29,43.16 1 0
github.com/elpic/blueprint/internal/handlers/dotfiles.go:43.16,45.4 1 0
github.com/elpic/blueprint/internal/handlers/dotfiles.go:47.2,47.14 1 0
github.com/elpic/blueprint/internal/handlers/dotfiles.go:52.71,54.20 2 0
github.com/elpic/blueprint/internal/handlers/dotfiles.go:54.20,55.38 1 0
github.com/elpic/blueprint/internal/handlers/dotfiles.go:55.38,56.68 1 0
github.com/elpic/blueprint/internal/handlers/dotfiles.go:56.68,58.5 1 0
github.com/elpic/blueprint/internal/handlers/dotfiles.go:59.9,61.4 1 0
github.com/elpic/blueprint/internal/handlers/dotfiles.go:63.2,63.45 1 0
github.com/elpic/blueprint/internal/handlers/dotfiles.go:63.45,65.3 1 0
github.com/elpic/blueprint/internal/handlers/dotfiles.go:66.2,66.17 1 0
github.com/elpic/blueprint/internal/handlers/dotfiles.go:73.48,81.16 3 0
github.com/elpic/blueprint/internal/handlers/dotfiles.go:81.16,83.3 1 0
github.com/elpic/blueprint/internal/handlers/dotfiles.go:85.2,86.16 2 0
github.com/elpic/blueprint/internal/handlers/dotfiles.go:86.16,88.3 1 0
github.com/elpic/blueprint/internal/handlers/dotfiles.go:90.2,94.16 4 0
github.com/elpic/blueprint/internal/handlers/dotfiles.go:94.16,96.3 1 0
github.com/elpic/blueprint/internal/handlers/dotfiles.go:98.2,98.32 1 0
github.com/elpic/blueprint/internal/handlers/dotfiles.go:98.32,100.49 2 0
github.com/elpic/blueprint/internal/handlers/dotfiles.go:100.49,101.12 1 0
github.com/elpic/blueprint/internal/handlers/dotfiles.go:104.3,107.20 3 0
github.com/elpic/blueprint/internal/handlers/dotfiles.go:107.20,109.53 1 0
github.com/elpic/blueprint/internal/handlers/dotfiles.go:109.53,111.13 2 0
github.com/elpic/blueprint/internal/handlers/dotfiles.go:114.4,115.22 2 0
github.com/elpic/blueprint/internal/handlers/dotfiles.go:115.22,117.13 2 0
github.com/elpic/blueprint/internal/handlers/dotfiles.go:119.4,119.35 1 0
github.com/elpic/blueprint/internal/handlers/dotfiles.go:119.35,123.11 4 0
github.com/elpic/blueprint/internal/handlers/dotfiles.go:123.11,125.6 1 0
github.com/elpic/blueprint/internal/handlers/dotfiles.go:125.11,125.28 1 0
github.com/elpic/blueprint/internal/handlers/dotfiles.go:125.28,127.6 1 0
github.com/elpic/blueprint/internal/handlers/dotfiles.go:127.11,129.6 1 0
github.com/elpic/blueprint/internal/handlers/dotfiles.go:131.9,133.10 2 0
github.com/elpic/blueprint/internal/handlers/dotfiles.go:133.10,135.5 1 0
github.com/elpic/blueprint/internal/handlers/dotfiles.go:135.10,135.27 1 0
github.com/elpic/blueprint/internal/handlers/dotfiles.go:135.27,137.5 1 0
github.com/elpic/blueprint/internal/handlers/dotfiles.go:137.10,139.5 1 0
github.com/elpic/blueprint/internal/handlers/dotfiles.go:145.2,148.27 3 0
github.com/elpic/blueprint/internal/handlers/dotfiles.go:148.27,150.3 1 0
github.com/elpic/blueprint/internal/handlers/dotfiles.go:151.2,151.17 1 0
github.com/elpic/blueprint/internal/handlers/dotfiles.go:157.78,160.42 2 0
github.com/elpic/blueprint/internal/handlers/dotfiles.go:160.42,162.52 2 0
github.com/elpic/blueprint/internal/handlers/dotfiles.go:162.52,164.4 1 0
github.com/elpic/blueprint/internal/handlers/dotfiles.go:165.3,166.17 2 0
github.com/elpic/blueprint/internal/handlers/dotfiles.go:166.17,168.4 1 0
github.com/elpic/blueprint/internal/handlers/dotfiles.go:170.3,170.94 1 0
github.com/elpic/blueprint/internal/handlers/dotfiles.go:170.94,172.4 1 0
github.com/elpic/blueprint/internal/handlers/dotfiles.go:174.3,175.20 2 0
github.com/elpic/blueprint/internal/handlers/dotfiles.go:175.20,177.54 2 0
github.com/elpic/blueprint/internal/handlers/dotfiles.go:177.54,178.35 1 0
github.com/elpic/blueprint/internal/handlers/dotfiles.go:178.35,180.6 1 0
github.com/elpic/blueprint/internal/handlers/dotfiles.go:181.5,181.11 1 0
github.com/elpic/blueprint/internal/handlers/dotfiles.go:185.3,185.60 1 0
github.com/elpic/blueprint/internal/handlers/dotfiles.go:185.60,186.34 1 0
github.com/elpic/blueprint/internal/handlers/dotfiles.go:186.34,188.5 1 0
github.com/elpic/blueprint/internal/handlers/dotfiles.go:193.2,194.16 2 0
github.com/elpic/blueprint/internal/handlers/dotfiles.go:194.16,196.3 1 0
github.com/elpic/blueprint/internal/handlers/dotfiles.go:197.2,197.31 1 0
github.com/elpic/blueprint/internal/handlers/dotfiles.go:197.31,199.35 2 0
github.com/elpic/blueprint/internal/handlers/dotfiles.go:199.35,201.4 1 0
github.com/elpic/blueprint/internal/handlers/dotfiles.go:201.9,201.23 1 0
github.com/elpic/blueprint/internal/handlers/dotfiles.go:201.23,204.22 2 0
github.com/elpic/blueprint/internal/handlers/dotfiles.go:204.22,205.13 1 0
github.com/elpic/blueprint/internal/handlers/dotfiles.go:207.4,207.35 1 0
github.com/elpic/blueprint/internal/handlers/dotfiles.go:207.35,209.5 1 0
github.com/elpic/blueprint/internal/handlers/dotfiles.go:213.2,213.16 1 0
github.com/elpic/blueprint/internal/handlers/dotfiles.go:217.50,221.16 3 1
github.com/elpic/blueprint/internal/handlers/dotfiles.go:221.16,223.3 1 0
github.com/elpic/blueprint/internal/handlers/dotfiles.go:226.2,230.54 3 1
github.com/elpic/blueprint/internal/handlers/dotfiles.go:230.54,231.61 1 0
github.com/elpic/blueprint/internal/handlers/dotfiles.go:231.61,233.4 1 0
github.com/elpic/blueprint/internal/handlers/dotfiles.go:236.2,237.18 2 1
github.com/elpic/blueprint/internal/handlers/dotfiles.go:237.18,239.3 1 0
github.com/elpic/blueprint/internal/handlers/dotfiles.go:240.2,240.17 1 1
github.com/elpic/blueprint/internal/handlers/dotfiles.go:245.83,248.43 2 1
github.com/elpic/blueprint/internal/handlers/dotfiles.go:248.43,250.52 2 1
github.com/elpic/blueprint/internal/handlers/dotfiles.go:250.52,252.4 1 1
github.com/elpic/blueprint/internal/handlers/dotfiles.go:253.3,254.17 2 1
github.com/elpic/blueprint/internal/handlers/dotfiles.go:254.17,256.4 1 0
github.com/elpic/blueprint/internal/handlers/dotfiles.go:257.3,257.93 1 1
github.com/elpic/blueprint/internal/handlers/dotfiles.go:257.93,258.34 1 0
github.com/elpic/blueprint/internal/handlers/dotfiles.go:258.34,260.5 1 0
github.com/elpic/blueprint/internal/handlers/dotfiles.go:264.2,265.16 2 1
github.com/elpic/blueprint/internal/handlers/dotfiles.go:265.16,267.3 1 0
github.com/elpic/blueprint/internal/handlers/dotfiles.go:268.2,268.31 1 1
github.com/elpic/blueprint/internal/handlers/dotfiles.go:268.31,270.35 2 1
github.com/elpic/blueprint/internal/handlers/dotfiles.go:270.35,272.4 1 1
github.com/elpic/blueprint/internal/handlers/dotfiles.go:272.9,272.23 1 1
github.com/elpic/blueprint/internal/handlers/dotfiles.go:272.23,274.22 2 1
github.com/elpic/blueprint/internal/handlers/dotfiles.go:274.22,275.13 1 1
github.com/elpic/blueprint/internal/handlers/dotfiles.go:277.4,277.35 1 1
github.com/elpic/blueprint/internal/handlers/dotfiles.go:277.35,279.5 1 1
github.com/elpic/blueprint/internal/handlers/dotfiles.go:283.2,283.16 1 1
github.com/elpic/blueprint/internal/handlers/dotfiles.go:287.47,288.33 1 1
github.com/elpic/blueprint/internal/handlers/dotfiles.go:288.33,290.3 1 1
github.com/elpic/blueprint/internal/handlers/dotfiles.go:291.2,291.80 1 1
github.com/elpic/blueprint/internal/handlers/dotfiles.go:295.122,298.33 2 0
github.com/elpic/blueprint/internal/handlers/dotfiles.go:298.33,301.22 3 0
github.com/elpic/blueprint/internal/handlers/dotfiles.go:301.22,305.18 3 0
github.com/elpic/blueprint/internal/handlers/dotfiles.go:305.18,307.45 2 0
github.com/elpic/blueprint/internal/handlers/dotfiles.go:307.45,309.56 2 0
github.com/elpic/blueprint/internal/handlers/dotfiles.go:309.56,311.7 1 0
github.com/elpic/blueprint/internal/handlers/dotfiles.go:312.6,313.21 2 0
github.com/elpic/blueprint/internal/handlers/dotfiles.go:313.21,315.7 1 0
github.com/elpic/blueprint/internal/handlers/dotfiles.go:316.6,316.96 1 0
github.com/elpic/blueprint/internal/handlers/dotfiles.go:316.96,318.7 1 0
github.com/elpic/blueprint/internal/handlers/dotfiles.go:320.5,320.67 1 0
github.com/elpic/blueprint/internal/handlers/dotfiles.go:320.67,321.35 1 0
github.com/elpic/blueprint/internal/handlers/dotfiles.go:321.35,323.39 2 0
github.com/elpic/blueprint/internal/handlers/dotfiles.go:323.39,325.8 1 0
github.com/elpic/blueprint/internal/handlers/dotfiles.go:325.13,325.27 1 0
github.com/elpic/blueprint/internal/handlers/dotfiles.go:325.27,326.65 1 0
github.com/elpic/blueprint/internal/handlers/dotfiles.go:326.65,327.40 1 0
github.com/elpic/blueprint/internal/handlers/dotfiles.go:327.40,329.10 1 0
github.com/elpic/blueprint/internal/handlers/dotfiles.go:336.4,345.6 2 0
github.com/elpic/blueprint/internal/handlers/dotfiles.go:347.8,347.81 1 0
github.com/elpic/blueprint/internal/handlers/dotfiles.go:347.81,350.58 2 0
github.com/elpic/blueprint/internal/handlers/dotfiles.go:350.58,352.4 1 0
github.com/elpic/blueprint/internal/handlers/dotfiles.go:355.2,355.12 1 0
github.com/elpic/blueprint/internal/handlers/dotfiles.go:359.53,361.2 1 1
github.com/elpic/blueprint/internal/handlers/dotfiles.go:364.70,366.2 1 1
github.com/elpic/blueprint/internal/handlers/dotfiles.go:369.72,375.2 1 1
github.com/elpic/blueprint/internal/handlers/dotfiles.go:378.41,380.34 2 0
github.com/elpic/blueprint/internal/handlers/dotfiles.go:380.34,382.3 1 0
github.com/elpic/blueprint/internal/handlers/dotfiles.go:384.2,386.33 3 0
github.com/elpic/blueprint/internal/handlers/dotfiles.go:386.33,388.3 1 0
github.com/elpic/blueprint/internal/handlers/dotfiles.go:392.67,393.48 1 0
github.com/elpic/blueprint/internal/handlers/dotfiles.go:393.48,395.3 1 0
github.com/elpic/blueprint/internal/handlers/dotfiles.go:397.2,398.36 2 0
github.com/elpic/blueprint/internal/handlers/dotfiles.go:398.36,401.17 3 0
github.com/elpic/blueprint/internal/handlers/dotfiles.go:401.17,403.4 1 0
github.com/elpic/blueprint/internal/handlers/dotfiles.go:403.9,405.4 1 0
github.com/elpic/blueprint/internal/handlers/dotfiles.go:407.3,415.73 3 0
github.com/elpic/blueprint/internal/handlers/dotfiles.go:420.134,425.36 3 1
github.com/elpic/blueprint/internal/handlers/dotfiles.go:425.36,426.58 1 0
github.com/elpic/blueprint/internal/handlers/dotfiles.go:426.58,428.4 1 0
github.com/elpic/blueprint/internal/handlers/dotfiles.go:431.2,432.36 2 1
github.com/elpic/blueprint/internal/handlers/dotfiles.go:432.36,434.96 2 0
github.com/elpic/blueprint/internal/handlers/dotfiles.go:434.96,442.4 1 0
github.com/elpic/blueprint/internal/handlers/dotfiles.go:445.2,445.14 1 1
github.com/elpic/blueprint/internal/handlers/dotfiles.go:449.90,451.36 2 0
github.com/elpic/blueprint/internal/handlers/dotfiles.go:451.36,452.105 1 0
github.com/elpic/blueprint/internal/handlers/dotfiles.go:452.105,454.4 1 0
github.com/elpic/blueprint/internal/handlers/dotfiles.go:456.2,456.14 1 0
github.com/elpic/blueprint/internal/handlers/download.go:22.77,29.2 1 1
github.com/elpic/blueprint/internal/handlers/download.go:33.53,35.2 1 1
github.com/elpic/blueprint/internal/handlers/download.go:37.48,41.31 2 0
github.com/elpic/blueprint/internal/handlers/download.go:41.31,42.46 1 0
github.com/elpic/blueprint/internal/handlers/download.go:42.46,44.4 1 0
github.com/elpic/blueprint/internal/handlers/download.go:48.2,49.53 2 0
github.com/elpic/blueprint/internal/handlers/download.go:49.53,51.3 1 0
github.com/elpic/blueprint/internal/handlers/download.go:54.2,55.16 2 0
github.com/elpic/blueprint/internal/handlers/download.go:55.16,57.3 1 0
github.com/elpic/blueprint/internal/handlers/download.go:58.2,58.15 1 0
github.com/elpic/blueprint/internal/handlers/download.go:58.15,58.40 1 0
github.com/elpic/blueprint/internal/handlers/download.go:60.2,60.38 1 0
github.com/elpic/blueprint/internal/handlers/download.go:60.38,62.3 1 0
github.com/elpic/blueprint/internal/handlers/download.go:65.2,67.16 3 0
github.com/elpic/blueprint/internal/handlers/download.go:67.16,69.3 1 0
github.com/elpic/blueprint/internal/handlers/download.go:71.2,72.64 2 0
github.com/elpic/blueprint/internal/handlers/download.go:72.64,74.3 1 0
github.com/elpic/blueprint/internal/handlers/download.go:75.2,75.16 1 0
github.com/elpic/blueprint/internal/handlers/download.go:75.16,78.3 2 0
github.com/elpic/blueprint/internal/handlers/download.go:80.2,80.53 1 0
github.com/elpic/blueprint/internal/handlers/download.go:80.53,83.3 2 0
github.com/elpic/blueprint/internal/handlers/download.go:86.2,86.32 1 0
github.com/elpic/blueprint/internal/handlers/download.go:86.32,89.64 3 0
github.com/elpic/blueprint/internal/handlers/download.go:89.64,91.4 1 0
github.com/elpic/blueprint/internal/handlers/download.go:94.2,95.32 2 0
github.com/elpic/blueprint/internal/handlers/download.go:95.32,97.3 1 0
github.com/elpic/blueprint/internal/handlers/download.go:98.2,98.17 1 0
github.com/elpic/blueprint/internal/handlers/download.go:102.50,105.53 2 1
github.com/elpic/blueprint/internal/handlers/download.go:105.53,107.3 1 1
github.com/elpic/blueprint/internal/handlers/download.go:109.2,109.44 1 1
github.com/elpic/blueprint/internal/handlers/download.go:109.44,111.3 1 0
github.com/elpic/blueprint/internal/handlers/download.go:113.2,113.54 1 1
github.com/elpic/blueprint/internal/handlers/download.go:117.47,119.34 2 1
github.com/elpic/blueprint/internal/handlers/download.go:119.34,121.3 1 1
github.com/elpic/blueprint/internal/handlers/download.go:123.2,124.32 2 1
github.com/elpic/blueprint/internal/handlers/download.go:124.32,126.3 1 1
github.com/elpic/blueprint/internal/handlers/download.go:127.2,127.12 1 1
github.com/elpic/blueprint/internal/handlers/download.go:131.122,134.33 2 0
github.com/elpic/blueprint/internal/handlers/download.go:134.33,137.34 3 0
github.com/elpic/blueprint/internal/handlers/download.go:137.34,138.67 1 0
github.com/elpic/blueprint/internal/handlers/download.go:138.67,140.10 2 0
github.com/elpic/blueprint/internal/handlers/download.go:145.3,145.24 1 0
github.com/elpic/blueprint/internal/handlers/download.go:145.24,147.35 2 0
github.com/elpic/blueprint/internal/handlers/download.go:147.35,148.82 1 0
github.com/elpic/blueprint/internal/handlers/download.go:148.82,150.11 2 0
github.com/elpic/blueprint/internal/handlers/download.go:155.3,155.23 1 0
github.com/elpic/blueprint/internal/handlers/download.go:155.23,164.4 2 0
github.com/elpic/blueprint/internal/handlers/download.go:165.8,165.81 1 0
github.com/elpic/blueprint/internal/handlers/download.go:165.81,167.58 2 0
github.com/elpic/blueprint/internal/handlers/download.go:167.58,169.4 1 0
github.com/elpic/blueprint/internal/handlers/download.go:172.2,172.12 1 0
github.com/elpic/blueprint/internal/handlers/download.go:176.41,178.34 2 0
github.com/elpic/blueprint/internal/handlers/download.go:178.34,180.3 1 0
github.com/elpic/blueprint/internal/handlers/download.go:182.2,184.32 3 0
github.com/elpic/blueprint/internal/handlers/download.go:184.32,186.3 1 0
github.com/elpic/blueprint/internal/handlers/download.go:190.53,192.2 1 1
github.com/elpic/blueprint/internal/handlers/download.go:195.70,197.2 1 1
github.com/elpic/blueprint/internal/handlers/download.go:200.72,206.2 1 1
github.com/elpic/blueprint/internal/handlers/download.go:209.134,213.36 3 1
github.com/elpic/blueprint/internal/handlers/download.go:213.36,214.59 1 0
github.com/elpic/blueprint/internal/handlers/download.go:214.59,216.4 1 0
github.com/elpic/blueprint/internal/handlers/download.go:219.2,220.29 2 1
github.com/elpic/blueprint/internal/handlers/download.go:220.29,221.39 1 0
github.com/elpic/blueprint/internal/handlers/download.go:221.39,223.109 2 0
github.com/elpic/blueprint/internal/handlers/download.go:223.109,230.5 1 0
github.com/elpic/blueprint/internal/handlers/download.go:234.2,234.14 1 1
github.com/elpic/blueprint/internal/handlers/download.go:238.90,240.38 2 0
github.com/elpic/blueprint/internal/handlers/download.go:240.38,241.110 1 0
github.com/elpic/blueprint/internal/handlers/download.go:241.110,243.4 1 0
github.com/elpic/blueprint/internal/handlers/download.go:245.2,245.14 1 0
github.com/elpic/blueprint/internal/handlers/download.go:249.67,250.49 1 0
github.com/elpic/blueprint/internal/handlers/download.go:250.49,252.3 1 0
github.com/elpic/blueprint/internal/handlers/download.go:254.2,255.38 2 0
github.com/elpic/blueprint/internal/handlers/download.go:255.38,258.17 3 0
github.com/elpic/blueprint/internal/handlers/download.go:258.17,260.4 1 0
github.com/elpic/blueprint/internal/handlers/download.go:260.9,262.4 1 0
github.com/elpic/blueprint/internal/handlers/download.go:264.3,270.4 1 0
github.com/elpic/blueprint/internal/handlers/gpg_key.go:21.73,28.2 1 1
github.com/elpic/blueprint/internal/handlers/gpg_key.go:31.99,39.2 1 0
github.com/elpic/blueprint/internal/handlers/gpg_key.go:43.63,44.26 1 1
github.com/elpic/blueprint/internal/handlers/gpg_key.go:44.26,49.3 4 0
github.com/elpic/blueprint/internal/handlers/gpg_key.go:50.2,50.38 1 1
github.com/elpic/blueprint/internal/handlers/gpg_key.go:55.46,57.2 1 1
github.com/elpic/blueprint/internal/handlers/gpg_key.go:60.50,62.2 1 1
github.com/elpic/blueprint/internal/handlers/gpg_key.go:65.49,68.2 2 1
github.com/elpic/blueprint/internal/handlers/gpg_key.go:72.44,74.16 2 1
github.com/elpic/blueprint/internal/handlers/gpg_key.go:74.16,76.3 1 1
github.com/elpic/blueprint/internal/handlers/gpg_key.go:77.2,77.28 1 0
github.com/elpic/blueprint/internal/handlers/gpg_key.go:77.28,78.16 1 0
github.com/elpic/blueprint/internal/handlers/gpg_key.go:78.16,79.12 1 0
github.com/elpic/blueprint/internal/handlers/gpg_key.go:81.3,82.17 2 0
github.com/elpic/blueprint/internal/handlers/gpg_key.go:82.17,83.12 1 0
github.com/elpic/blueprint/internal/handlers/gpg_key.go:85.3,85.46 1 0
github.com/elpic/blueprint/internal/handlers/gpg_key.go:85.46,87.4 1 0
github.com/elpic/blueprint/internal/handlers/gpg_key.go:89.2,89.14 1 0
github.com/elpic/blueprint/internal/handlers/gpg_key.go:93.46,102.29 7 1
github.com/elpic/blueprint/internal/handlers/gpg_key.go:102.29,104.3 1 0
github.com/elpic/blueprint/internal/handlers/gpg_key.go:106.2,109.117 2 1
github.com/elpic/blueprint/internal/handlers/gpg_key.go:109.117,111.3 1 0
github.com/elpic/blueprint/internal/handlers/gpg_key.go:113.2,113.16 1 1
github.com/elpic/blueprint/internal/handlers/gpg_key.go:113.16,116.70 1 1
github.com/elpic/blueprint/internal/handlers/gpg_key.go:116.70,118.4 1 0
github.com/elpic/blueprint/internal/handlers/gpg_key.go:120.3,120.96 1 1
github.com/elpic/blueprint/internal/handlers/gpg_key.go:120.96,122.4 1 1
github.com/elpic/blueprint/internal/handlers/gpg_key.go:123.3,123.21 1 0
github.com/elpic/blueprint/internal/handlers/gpg_key.go:126.2,126.17 1 0
github.com/elpic/blueprint/internal/handlers/gpg_key.go:126.17,129.17 2 0
github.com/elpic/blueprint/internal/handlers/gpg_key.go:129.17,131.4 1 0
github.com/elpic/blueprint/internal/handlers/gpg_key.go:132.3,133.16 2 0
github.com/elpic/blueprint/internal/handlers/gpg_key.go:133.16,133.42 1 0
github.com/elpic/blueprint/internal/handlers/gpg_key.go:135.3,135.70 1 0
github.com/elpic/blueprint/internal/handlers/gpg_key.go:135.70,138.4 2 0
github.com/elpic/blueprint/internal/handlers/gpg_key.go:139.3,141.91 2 0
github.com/elpic/blueprint/internal/handlers/gpg_key.go:141.91,143.4 1 0
github.com/elpic/blueprint/internal/handlers/gpg_key.go:144.3,144.21 1 0
github.com/elpic/blueprint/internal/handlers/gpg_key.go:147.2,147.17 1 0
github.com/elpic/blueprint/internal/handlers/gpg_key.go:147.17,149.3 1 0
github.com/elpic/blueprint/internal/handlers/gpg_key.go:151.2,151.90 1 0
github.com/elpic/blueprint/internal/handlers/gpg_key.go:156.66,161.16 2 0
github.com/elpic/blueprint/internal/handlers/gpg_key.go:161.16,163.3 1 0
github.com/elpic/blueprint/internal/handlers/gpg_key.go:164.2,166.15 3 0
github.com/elpic/blueprint/internal/handlers/gpg_key.go:166.15,166.41 1 0
github.com/elpic/blueprint/internal/handlers/gpg_key.go:169.2,170.16 2 0
github.com/elpic/blueprint/internal/handlers/gpg_key.go:170.16,172.3 1 0
github.com/elpic/blueprint/internal/handlers/gpg_key.go:175.2,176.24 2 0
github.com/elpic/blueprint/internal/handlers/gpg_key.go:176.24,179.3 2 0
github.com/elpic/blueprint/internal/handlers/gpg_key.go:179.8,181.3 1 0
github.com/elpic/blueprint/internal/handlers/gpg_key.go:182.2,182.54 1 0
github.com/elpic/blueprint/internal/handlers/gpg_key.go:182.54,184.3 1 0
github.com/elpic/blueprint/internal/handlers/gpg_key.go:185.2,185.12 1 0
github.com/elpic/blueprint/internal/handlers/gpg_key.go:188.65,190.2 1 1
github.com/elpic/blueprint/internal/handlers/gpg_key.go:193.48,203.2 7 0
github.com/elpic/blueprint/internal/handlers/gpg_key.go:206.45,210.34 3 0
github.com/elpic/blueprint/internal/handlers/gpg_key.go:210.34,215.3 1 0
github.com/elpic/blueprint/internal/handlers/gpg_key.go:217.2,220.3 1 0
github.com/elpic/blueprint/internal/handlers/gpg_key.go:224.120,227.32 2 1
github.com/elpic/blueprint/internal/handlers/gpg_key.go:227.32,229.42 1 1
github.com/elpic/blueprint/internal/handlers/gpg_key.go:229.42,239.4 2 1
github.com/elpic/blueprint/internal/handlers/gpg_key.go:240.8,240.80 1 1
github.com/elpic/blueprint/internal/handlers/gpg_key.go:240.80,242.3 1 1
github.com/elpic/blueprint/internal/handlers/gpg_key.go:244.2,244.12 1 1
github.com/elpic/blueprint/internal/handlers/gpg_key.go:248.42,250.2 1 1
github.com/elpic/blueprint/internal/handlers/gpg_key.go:253.39,255.34 2 1
github.com/elpic/blueprint/internal/handlers/gpg_key.go:255.34,257.3 1 1
github.com/elpic/blueprint/internal/handlers/gpg_key.go:259.2,261.80 3 1
github.com/elpic/blueprint/internal/handlers/gpg_key.go:265.60,266.20 1 0
github.com/elpic/blueprint/internal/handlers/gpg_key.go:266.20,268.3 1 0
github.com/elpic/blueprint/internal/handlers/gpg_key.go:270.2,271.27 2 0
github.com/elpic/blueprint/internal/handlers/gpg_key.go:271.27,274.17 3 0
github.com/elpic/blueprint/internal/handlers/gpg_key.go:274.17,276.4 1 0
github.com/elpic/blueprint/internal/handlers/gpg_key.go:276.9,278.4 1 0
github.com/elpic/blueprint/internal/handlers/gpg_key.go:280.3,286.4 1 0
github.com/elpic/blueprint/internal/handlers/gpg_key.go:291.65,292.44 1 0
github.com/elpic/blueprint/internal/handlers/gpg_key.go:292.44,294.3 1 0
github.com/elpic/blueprint/internal/handlers/gpg_key.go:295.2,295.33 1 0
github.com/elpic/blueprint/internal/handlers/gpg_key.go:299.51,301.2 1 1
github.com/elpic/blueprint/internal/handlers/gpg_key.go:304.68,306.2 1 1
github.com/elpic/blueprint/internal/handlers/gpg_key.go:309.70,314.2 1 1
github.com/elpic/blueprint/internal/handlers/gpg_key.go:317.132,321.36 3 1
github.com/elpic/blueprint/internal/handlers/gpg_key.go:321.36,322.56 1 0
github.com/elpic/blueprint/internal/handlers/gpg_key.go:322.56,324.4 1 0
github.com/elpic/blueprint/internal/handlers/gpg_key.go:327.2,328.27 2 1
github.com/elpic/blueprint/internal/handlers/gpg_key.go:328.27,329.38 1 0
github.com/elpic/blueprint/internal/handlers/gpg_key.go:329.38,331.108 2 0
github.com/elpic/blueprint/internal/handlers/gpg_key.go:331.108,337.5 1 0
github.com/elpic/blueprint/internal/handlers/gpg_key.go:341.2,341.14 1 1
github.com/elpic/blueprint/internal/handlers/gpg_key.go:345.88,347.37 2 0
github.com/elpic/blueprint/internal/handlers/gpg_key.go:347.37,348.114 1 0
github.com/elpic/blueprint/internal/handlers/gpg_key.go:348.114,350.4 1 0
github.com/elpic/blueprint/internal/handlers/gpg_key.go:352.2,352.14 1 0
github.com/elpic/blueprint/internal/handlers/handlers.go:284.68,285.19 1 1
github.com/elpic/blueprint/internal/handlers/handlers.go:285.19,287.3 1 1
github.com/elpic/blueprint/internal/handlers/handlers.go:288.2,288.20 1 1
github.com/elpic/blueprint/internal/handlers/handlers.go:293.39,294.19 1 0
github.com/elpic/blueprint/internal/handlers/handlers.go:294.19,296.3 1 0
github.com/elpic/blueprint/internal/handlers/handlers.go:297.2,297.21 1 0
github.com/elpic/blueprint/internal/handlers/handlers.go:298.30,299.29 1 0
github.com/elpic/blueprint/internal/handlers/handlers.go:299.29,301.4 1 0
github.com/elpic/blueprint/internal/handlers/handlers.go:302.3,302.19 1 0
github.com/elpic/blueprint/internal/handlers/handlers.go:303.15,304.24 1 0
github.com/elpic/blueprint/internal/handlers/handlers.go:305.17,306.26 1 0
github.com/elpic/blueprint/internal/handlers/handlers.go:307.18,308.27 1 0
github.com/elpic/blueprint/internal/handlers/handlers.go:309.21,310.25 1 0
github.com/elpic/blueprint/internal/handlers/handlers.go:311.15,312.20 1 0
github.com/elpic/blueprint/internal/handlers/handlers.go:313.13,314.25 1 0
github.com/elpic/blueprint/internal/handlers/handlers.go:315.16,316.23 1 0
github.com/elpic/blueprint/internal/handlers/handlers.go:317.17,318.25 1 0
github.com/elpic/blueprint/internal/handlers/handlers.go:319.18,320.37 1 0
github.com/elpic/blueprint/internal/handlers/handlers.go:320.37,322.4 1 0
github.com/elpic/blueprint/internal/handlers/handlers.go:323.3,323.20 1 0
github.com/elpic/blueprint/internal/handlers/handlers.go:324.14,325.16 1 0
github.com/elpic/blueprint/internal/handlers/handlers.go:326.14,327.16 1 0
github.com/elpic/blueprint/internal/handlers/handlers.go:328.16,329.33 1 0
github.com/elpic/blueprint/internal/handlers/handlers.go:329.33,331.4 1 0
github.com/elpic/blueprint/internal/handlers/handlers.go:332.3,332.18 1 0
github.com/elpic/blueprint/internal/handlers/handlers.go:333.18,334.32 1 0
github.com/elpic/blueprint/internal/handlers/handlers.go:334.32,336.4 1 0
github.com/elpic/blueprint/internal/handlers/handlers.go:337.3,337.20 1 0
github.com/elpic/blueprint/internal/handlers/handlers.go:338.10,339.21 1 0
github.com/elpic/blueprint/internal/handlers/handlers.go:346.57,348.2 1 1
github.com/elpic/blueprint/internal/handlers/handlers.go:352.46,353.28 1 1
github.com/elpic/blueprint/internal/handlers/handlers.go:353.28,355.3 1 0
github.com/elpic/blueprint/internal/handlers/handlers.go:356.2,356.25 1 1
github.com/elpic/blueprint/internal/handlers/handlers.go:356.25,358.3 1 1
github.com/elpic/blueprint/internal/handlers/handlers.go:359.2,359.28 1 1
github.com/elpic/blueprint/internal/handlers/handlers.go:359.28,361.3 1 1
github.com/elpic/blueprint/internal/handlers/handlers.go:362.2,362.22 1 1
github.com/elpic/blueprint/internal/handlers/handlers.go:362.22,364.3 1 1
github.com/elpic/blueprint/internal/handlers/handlers.go:365.2,365.32 1 1
github.com/elpic/blueprint/internal/handlers/handlers.go:365.32,367.3 1 1
github.com/elpic/blueprint/internal/handlers/handlers.go:368.2,368.32 1 1
github.com/elpic/blueprint/internal/handlers/handlers.go:368.32,370.3 1 0
github.com/elpic/blueprint/internal/handlers/handlers.go:371.2,371.36 1 1
github.com/elpic/blueprint/internal/handlers/handlers.go:371.36,373.3 1 0
github.com/elpic/blueprint/internal/handlers/handlers.go:374.2,374.32 1 1
github.com/elpic/blueprint/internal/handlers/handlers.go:374.32,376.3 1 0
github.com/elpic/blueprint/internal/handlers/handlers.go:377.2,377.27 1 1
github.com/elpic/blueprint/internal/handlers/handlers.go:377.27,379.3 1 1
github.com/elpic/blueprint/internal/handlers/handlers.go:380.2,380.27 1 1
github.com/elpic/blueprint/internal/handlers/handlers.go:380.27,382.3 1 1
github.com/elpic/blueprint/internal/handlers/handlers.go:383.2,383.28 1 0
github.com/elpic/blueprint/internal/handlers/handlers.go:383.28,385.3 1 0
github.com/elpic/blueprint/internal/handlers/handlers.go:386.2,386.27 1 0
github.com/elpic/blueprint/internal/handlers/handlers.go:386.27,388.3 1 0
github.com/elpic/blueprint/internal/handlers/handlers.go:389.2,389.25 1 0
github.com/elpic/blueprint/internal/handlers/handlers.go:389.25,391.3 1 0
github.com/elpic/blueprint/internal/handlers/handlers.go:392.2,392.28 1 0
github.com/elpic/blueprint/internal/handlers/handlers.go:392.28,394.3 1 0
github.com/elpic/blueprint/internal/handlers/handlers.go:395.2,395.28 1 0
github.com/elpic/blueprint/internal/handlers/handlers.go:395.28,397.3 1 0
github.com/elpic/blueprint/internal/handlers/handlers.go:398.2,398.31 1 0
github.com/elpic/blueprint/internal/handlers/handlers.go:398.31,400.3 1 0
github.com/elpic/blueprint/internal/handlers/handlers.go:401.2,401.11 1 0
github.com/elpic/blueprint/internal/handlers/handlers.go:406.93,410.27 2 0
github.com/elpic/blueprint/internal/handlers/handlers.go:410.27,412.19 2 0
github.com/elpic/blueprint/internal/handlers/handlers.go:412.19,414.4 1 0
github.com/elpic/blueprint/internal/handlers/handlers.go:417.2,417.16 1 0
github.com/elpic/blueprint/internal/handlers/handlers.go:418.17,419.43 1 0
github.com/elpic/blueprint/internal/handlers/handlers.go:420.15,421.41 1 0
github.com/elpic/blueprint/internal/handlers/handlers.go:422.17,423.58 1 0
github.com/elpic/blueprint/internal/handlers/handlers.go:424.15,425.41 1 0
github.com/elpic/blueprint/internal/handlers/handlers.go:426.14,427.40 1 0
github.com/elpic/blueprint/internal/handlers/handlers.go:428.14,429.40 1 0
github.com/elpic/blueprint/internal/handlers/handlers.go:430.18,431.44 1 0
github.com/elpic/blueprint/internal/handlers/handlers.go:432.16,433.42 1 0
github.com/elpic/blueprint/internal/handlers/handlers.go:434.21,435.46 1 0
github.com/elpic/blueprint/internal/handlers/handlers.go:436.17,437.77 1 0
github.com/elpic/blueprint/internal/handlers/handlers.go:438.18,439.44 1 0
github.com/elpic/blueprint/internal/handlers/handlers.go:440.13,441.39 1 0
github.com/elpic/blueprint/internal/handlers/handlers.go:442.16,443.41 1 0
github.com/elpic/blueprint/internal/handlers/handlers.go:444.18,445.44 1 0
github.com/elpic/blueprint/internal/handlers/handlers.go:446.17,447.43 1 0
github.com/elpic/blueprint/internal/handlers/handlers.go:448.18,449.44 1 0
github.com/elpic/blueprint/internal/handlers/handlers.go:450.10,451.13 1 0
github.com/elpic/blueprint/internal/handlers/handlers.go:458.44,477.2 1 0
github.com/elpic/blueprint/internal/handlers/handlers.go:482.44,484.16 2 1
github.com/elpic/blueprint/internal/handlers/handlers.go:484.16,486.3 1 0
github.com/elpic/blueprint/internal/handlers/handlers.go:487.2,487.32 1 1
github.com/elpic/blueprint/internal/handlers/handlers.go:490.98,494.25 3 1
github.com/elpic/blueprint/internal/handlers/handlers.go:494.25,495.66 1 1
github.com/elpic/blueprint/internal/handlers/handlers.go:495.66,498.9 3 1
github.com/elpic/blueprint/internal/handlers/handlers.go:502.2,502.38 1 1
github.com/elpic/blueprint/internal/handlers/handlers.go:506.49,509.22 3 1
github.com/elpic/blueprint/internal/handlers/handlers.go:509.22,511.3 1 1
github.com/elpic/blueprint/internal/handlers/handlers.go:512.2,512.11 1 0
github.com/elpic/blueprint/internal/handlers/handlers.go:516.114,519.31 3 1
github.com/elpic/blueprint/internal/handlers/handlers.go:519.31,521.95 2 1
github.com/elpic/blueprint/internal/handlers/handlers.go:521.95,523.4 1 1
github.com/elpic/blueprint/internal/handlers/handlers.go:525.2,525.15 1 1
github.com/elpic/blueprint/internal/handlers/handlers.go:529.106,532.31 3 1
github.com/elpic/blueprint/internal/handlers/handlers.go:532.31,534.99 2 1
github.com/elpic/blueprint/internal/handlers/handlers.go:534.99,536.4 1 0
github.com/elpic/blueprint/internal/handlers/handlers.go:538.2,538.15 1 1
github.com/elpic/blueprint/internal/handlers/handlers.go:542.118,545.35 3 1
github.com/elpic/blueprint/internal/handlers/handlers.go:545.35,547.111 2 1
github.com/elpic/blueprint/internal/handlers/handlers.go:547.111,549.4 1 0
github.com/elpic/blueprint/internal/handlers/handlers.go:551.2,551.15 1 1
github.com/elpic/blueprint/internal/handlers/handlers.go:555.125,558.32 3 1
github.com/elpic/blueprint/internal/handlers/handlers.go:558.32,560.93 2 1
github.com/elpic/blueprint/internal/handlers/handlers.go:560.93,562.4 1 0
github.com/elpic/blueprint/internal/handlers/handlers.go:564.2,564.15 1 1
github.com/elpic/blueprint/internal/handlers/handlers.go:568.113,571.29 3 1
github.com/elpic/blueprint/internal/handlers/handlers.go:571.29,573.99 2 1
github.com/elpic/blueprint/internal/handlers/handlers.go:573.99,575.4 1 1
github.com/elpic/blueprint/internal/handlers/handlers.go:577.2,577.15 1 1
github.com/elpic/blueprint/internal/handlers/handlers.go:581.101,584.25 3 0
github.com/elpic/blueprint/internal/handlers/handlers.go:584.25,586.97 2 0
github.com/elpic/blueprint/internal/handlers/handlers.go:586.97,588.4 1 0
github.com/elpic/blueprint/internal/handlers/handlers.go:590.2,590.15 1 0
github.com/elpic/blueprint/internal/handlers/handlers.go:594.102,597.29 3 0
github.com/elpic/blueprint/internal/handlers/handlers.go:597.29,599.89 2 0
github.com/elpic/blueprint/internal/handlers/handlers.go:599.89,601.4 1 0
github.com/elpic/blueprint/internal/handlers/handlers.go:603.2,603.15 1 0
github.com/elpic/blueprint/internal/handlers/handlers.go:607.118,610.31 3 0
github.com/elpic/blueprint/internal/handlers/handlers.go:610.31,612.93 2 0
github.com/elpic/blueprint/internal/handlers/handlers.go:612.93,614.4 1 0
github.com/elpic/blueprint/internal/handlers/handlers.go:616.2,616.15 1 0
github.com/elpic/blueprint/internal/handlers/handlers.go:621.50,624.48 2 1
github.com/elpic/blueprint/internal/handlers/handlers.go:624.48,627.17 2 0
github.com/elpic/blueprint/internal/handlers/handlers.go:627.17,629.4 1 0
github.com/elpic/blueprint/internal/handlers/handlers.go:632.2,632.13 1 1
github.com/elpic/blueprint/internal/handlers/homebrew.go:24.77,31.2 1 1
github.com/elpic/blueprint/internal/handlers/homebrew.go:34.48,37.46 2 1
github.com/elpic/blueprint/internal/handlers/homebrew.go:37.46,39.3 1 0
github.com/elpic/blueprint/internal/handlers/homebrew.go:42.2,42.52 1 1
github.com/elpic/blueprint/internal/handlers/homebrew.go:42.52,44.3 1 0
github.com/elpic/blueprint/internal/handlers/homebrew.go:49.2,51.44 3 1
github.com/elpic/blueprint/internal/handlers/homebrew.go:51.44,52.72 1 1
github.com/elpic/blueprint/internal/handlers/homebrew.go:52.72,54.4 1 1
github.com/elpic/blueprint/internal/handlers/homebrew.go:56.2,57.41 2 1
github.com/elpic/blueprint/internal/handlers/homebrew.go:57.41,58.36 1 1
github.com/elpic/blueprint/internal/handlers/homebrew.go:58.36,60.4 1 0
github.com/elpic/blueprint/internal/handlers/homebrew.go:63.2,63.57 1 1
github.com/elpic/blueprint/internal/handlers/homebrew.go:63.57,65.3 1 1
github.com/elpic/blueprint/internal/handlers/homebrew.go:67.2,68.15 2 1
github.com/elpic/blueprint/internal/handlers/homebrew.go:68.15,70.3 1 0
github.com/elpic/blueprint/internal/handlers/homebrew.go:72.2,72.37 1 1
github.com/elpic/blueprint/internal/handlers/homebrew.go:76.50,78.15 2 0
github.com/elpic/blueprint/internal/handlers/homebrew.go:78.15,80.3 1 0
github.com/elpic/blueprint/internal/handlers/homebrew.go:82.2,82.37 1 0
github.com/elpic/blueprint/internal/handlers/homebrew.go:86.47,87.34 1 1
github.com/elpic/blueprint/internal/handlers/homebrew.go:87.34,89.3 1 1
github.com/elpic/blueprint/internal/handlers/homebrew.go:92.2,92.25 1 1
github.com/elpic/blueprint/internal/handlers/homebrew.go:96.122,99.23 2 0
github.com/elpic/blueprint/internal/handlers/homebrew.go:100.18,104.54 2 0
github.com/elpic/blueprint/internal/handlers/homebrew.go:104.54,107.45 3 0
github.com/elpic/blueprint/internal/handlers/homebrew.go:107.45,110.97 3 0
github.com/elpic/blueprint/internal/handlers/homebrew.go:110.97,112.6 1 0
github.com/elpic/blueprint/internal/handlers/homebrew.go:113.5,119.7 1 0
github.com/elpic/blueprint/internal/handlers/homebrew.go:123.3,123.45 1 0
github.com/elpic/blueprint/internal/handlers/homebrew.go:123.45,124.39 1 0
github.com/elpic/blueprint/internal/handlers/homebrew.go:124.39,133.5 2 0
github.com/elpic/blueprint/internal/handlers/homebrew.go:135.19,136.54 1 0
github.com/elpic/blueprint/internal/handlers/homebrew.go:136.54,139.4 2 0
github.com/elpic/blueprint/internal/handlers/homebrew.go:140.3,140.45 1 0
github.com/elpic/blueprint/internal/handlers/homebrew.go:140.45,142.4 1 0
github.com/elpic/blueprint/internal/handlers/homebrew.go:145.2,145.12 1 0
github.com/elpic/blueprint/internal/handlers/homebrew.go:149.34,151.2 1 0
github.com/elpic/blueprint/internal/handlers/homebrew.go:154.86,157.16 3 0
github.com/elpic/blueprint/internal/handlers/homebrew.go:157.16,159.3 1 0
github.com/elpic/blueprint/internal/handlers/homebrew.go:162.2,163.20 2 0
github.com/elpic/blueprint/internal/handlers/homebrew.go:163.20,165.3 1 0
github.com/elpic/blueprint/internal/handlers/homebrew.go:167.2,167.16 1 0
github.com/elpic/blueprint/internal/handlers/homebrew.go:172.59,174.29 1 1
github.com/elpic/blueprint/internal/handlers/homebrew.go:174.29,176.3 1 1
[...]
github.com/elpic/blueprint/internal/engine/ps.go:43.16,45.3 1 0
github.com/elpic/blueprint/internal/engine/ps.go:48.2,49.77 2 1
github.com/elpic/blueprint/internal/engine/ps.go:49.77,51.3 1 0
github.com/elpic/blueprint/internal/engine/ps.go:53.2,53.35 1 1
github.com/elpic/blueprint/internal/engine/ps.go:56.43,58.16 2 0
github.com/elpic/blueprint/internal/engine/ps.go:58.16,60.3 1 0
github.com/elpic/blueprint/internal/engine/ps.go:62.2,63.16 2 0
github.com/elpic/blueprint/internal/engine/ps.go:63.16,65.3 1 0
github.com/elpic/blueprint/internal/engine/ps.go:67.2,68.53 2 0
github.com/elpic/blueprint/internal/engine/ps.go:68.53,70.3 1 0
github.com/elpic/blueprint/internal/engine/ps.go:72.2,72.20 1 0
github.com/elpic/blueprint/internal/engine/ps.go:75.21,77.16 2 1
github.com/elpic/blueprint/internal/engine/ps.go:77.16,79.3 1 0
github.com/elpic/blueprint/internal/engine/ps.go:80.2,80.23 1 1
github.com/elpic/blueprint/internal/engine/ps.go:84.35,86.16 2 0
github.com/elpic/blueprint/internal/engine/ps.go:86.16,88.3 1 0
github.com/elpic/blueprint/internal/engine/ps.go:90.2,91.19 2 0
github.com/elpic/blueprint/internal/engine/ps.go:95.45,96.21 1 0
github.com/elpic/blueprint/internal/engine/ps.go:96.21,98.3 1 0
github.com/elpic/blueprint/internal/engine/ps.go:99.2,99.19 1 0
github.com/elpic/blueprint/internal/engine/ps.go:99.19,103.3 3 0
github.com/elpic/blueprint/internal/engine/ps.go:104.2,107.44 4 0
github.com/elpic/blueprint/internal/engine/ps.go:111.16,113.16 2 0
github.com/elpic/blueprint/internal/engine/ps.go:113.16,116.3 2 0
github.com/elpic/blueprint/internal/engine/ps.go:119.2,119.32 1 0
github.com/elpic/blueprint/internal/engine/ps.go:119.32,124.3 3 0
github.com/elpic/blueprint/internal/engine/ps.go:127.2,128.16 2 0
github.com/elpic/blueprint/internal/engine/ps.go:128.16,131.3 2 0
github.com/elpic/blueprint/internal/engine/ps.go:133.2,142.27 7 0
github.com/elpic/blueprint/internal/engine/ps.go:142.27,144.72 2 0
github.com/elpic/blueprint/internal/engine/ps.go:144.72,146.4 1 0
github.com/elpic/blueprint/internal/engine/ps.go:148.3,150.17 3 0
github.com/elpic/blueprint/internal/engine/ps.go:150.17,152.4 1 0
github.com/elpic/blueprint/internal/engine/ps.go:154.3,154.91 1 0
github.com/elpic/blueprint/internal/engine/ps.go:157.2,157.15 1 0
github.com/elpic/blueprint/internal/engine/status.go:17.39,19.16 2 0
github.com/elpic/blueprint/internal/engine/status.go:19.16,21.3 1 0
github.com/elpic/blueprint/internal/engine/status.go:23.2,26.80 2 0
github.com/elpic/blueprint/internal/engine/status.go:26.80,28.3 1 0
github.com/elpic/blueprint/internal/engine/status.go:30.2,30.57 1 0
github.com/elpic/blueprint/internal/engine/status.go:34.38,36.16 2 1
github.com/elpic/blueprint/internal/engine/status.go:36.16,38.3 1 0
github.com/elpic/blueprint/internal/engine/status.go:40.2,43.80 2 1
github.com/elpic/blueprint/internal/engine/status.go:43.80,45.3 1 0
github.com/elpic/blueprint/internal/engine/status.go:47.2,47.56 1 1
github.com/elpic/blueprint/internal/engine/status.go:52.51,54.16 2 1
github.com/elpic/blueprint/internal/engine/status.go:54.16,56.3 1 0
github.com/elpic/blueprint/internal/engine/status.go:58.2,60.16 3 1
github.com/elpic/blueprint/internal/engine/status.go:60.16,62.3 1 0
github.com/elpic/blueprint/internal/engine/status.go:64.2,65.16 2 1
github.com/elpic/blueprint/internal/engine/status.go:65.16,67.3 1 0
github.com/elpic/blueprint/internal/engine/status.go:70.2,71.52 2 1
github.com/elpic/blueprint/internal/engine/status.go:71.52,73.3 1 0
github.com/elpic/blueprint/internal/engine/status.go:75.2,75.12 1 1
github.com/elpic/blueprint/internal/engine/status.go:79.57,80.56 1 1
github.com/elpic/blueprint/internal/engine/status.go:80.56,82.3 1 0
github.com/elpic/blueprint/internal/engine/status.go:83.2,83.30 1 1
github.com/elpic/blueprint/internal/engine/status.go:89.51,90.23 1 0
github.com/elpic/blueprint/internal/engine/status.go:90.23,92.3 1 0
github.com/elpic/blueprint/internal/engine/status.go:94.2,95.16 2 0
github.com/elpic/blueprint/internal/engine/status.go:95.16,97.3 1 0
github.com/elpic/blueprint/internal/engine/status.go:100.2,100.25 1 0
github.com/elpic/blueprint/internal/engine/status.go:100.25,102.3 1 0
github.com/elpic/blueprint/internal/engine/status.go:105.2,106.16 2 0
github.com/elpic/blueprint/internal/engine/status.go:106.16,108.3 1 0
github.com/elpic/blueprint/internal/engine/status.go:110.2,110.81 1 0
github.com/elpic/blueprint/internal/engine/status.go:110.81,112.3 1 0
github.com/elpic/blueprint/internal/engine/status.go:114.2,114.12 1 0
github.com/elpic/blueprint/internal/engine/status.go:120.44,123.16 3 1
github.com/elpic/blueprint/internal/engine/status.go:123.16,125.3 1 0
github.com/elpic/blueprint/internal/engine/status.go:126.2,127.16 2 1
github.com/elpic/blueprint/internal/engine/status.go:127.16,129.3 1 0
github.com/elpic/blueprint/internal/engine/status.go:130.2,131.15 2 1
github.com/elpic/blueprint/internal/engine/status.go:134.104,136.16 2 0
github.com/elpic/blueprint/internal/engine/status.go:136.16,138.3 1 0
github.com/elpic/blueprint/internal/engine/status.go:141.2,145.60 3 0
github.com/elpic/blueprint/internal/engine/status.go:145.60,147.3 1 0
github.com/elpic/blueprint/internal/engine/status.go:150.2,151.33 2 0
github.com/elpic/blueprint/internal/engine/status.go:151.33,161.3 1 0
github.com/elpic/blueprint/internal/engine/status.go:164.2,164.29 1 0
github.com/elpic/blueprint/internal/engine/status.go:164.29,167.21 2 0
github.com/elpic/blueprint/internal/engine/status.go:167.21,169.12 1 0
github.com/elpic/blueprint/internal/engine/status.go:173.3,173.90 1 0
github.com/elpic/blueprint/internal/engine/status.go:173.90,176.4 1 0
github.com/elpic/blueprint/internal/engine/status.go:180.2,181.16 2 0
github.com/elpic/blueprint/internal/engine/status.go:181.16,183.3 1 0
github.com/elpic/blueprint/internal/engine/status.go:185.2,185.80 1 0
github.com/elpic/blueprint/internal/engine/status.go:185.80,187.3 1 0
github.com/elpic/blueprint/internal/engine/status.go:189.2,189.12 1 0
github.com/elpic/blueprint/internal/engine/status.go:194.107,199.16 3 0
github.com/elpic/blueprint/internal/engine/status.go:199.16,201.3 1 0
github.com/elpic/blueprint/internal/engine/status.go:203.2,204.16 2 0
github.com/elpic/blueprint/internal/engine/status.go:204.16,207.3 1 0
github.com/elpic/blueprint/internal/engine/status.go:209.2,210.60 2 0
github.com/elpic/blueprint/internal/engine/status.go:210.60,213.3 1 0
github.com/elpic/blueprint/internal/engine/status.go:216.2,220.35 2 0
github.com/elpic/blueprint/internal/engine/status.go:220.35,221.68 1 0
github.com/elpic/blueprint/internal/engine/status.go:221.68,224.4 2 0
github.com/elpic/blueprint/internal/engine/status.go:227.2,227.27 1 0
github.com/elpic/blueprint/internal/engine/status.go:235.38,237.16 2 0
github.com/elpic/blueprint/internal/engine/status.go:237.16,240.3 2 0
github.com/elpic/blueprint/internal/engine/status.go:241.2,244.16 3 0
github.com/elpic/blueprint/internal/engine/status.go:244.16,247.3 2 0
github.com/elpic/blueprint/internal/engine/status.go:249.2,253.16 4 0
github.com/elpic/blueprint/internal/engine/status.go:253.16,256.3 2 0
github.com/elpic/blueprint/internal/engine/status.go:258.2,259.60 2 0
github.com/elpic/blueprint/internal/engine/status.go:259.60,261.3 1 0
github.com/elpic/blueprint/internal/engine/status.go:264.2,268.36 3 0
github.com/elpic/blueprint/internal/engine/status.go:268.36,270.80 2 0
github.com/elpic/blueprint/internal/engine/status.go:270.80,272.4 1 0
github.com/elpic/blueprint/internal/engine/status.go:275.2,279.23 3 0
github.com/elpic/blueprint/internal/engine/status.go:279.23,282.30 3 0
github.com/elpic/blueprint/internal/engine/status.go:282.30,284.4 1 0
github.com/elpic/blueprint/internal/engine/status.go:287.2,287.26 1 0
github.com/elpic/blueprint/internal/engine/status.go:287.26,290.33 3 0
github.com/elpic/blueprint/internal/engine/status.go:290.33,292.4 1 0
github.com/elpic/blueprint/internal/engine/status.go:295.2,295.17 1 0
github.com/elpic/blueprint/internal/engine/status.go:295.17,297.3 1 0
github.com/elpic/blueprint/internal/engine/status.go:299.2,299.18 1 0
github.com/elpic/blueprint/internal/engine/status.go:302.20,304.16 2 0
github.com/elpic/blueprint/internal/engine/status.go:304.16,307.3 2 0
github.com/elpic/blueprint/internal/engine/status.go:310.2,311.16 2 0
github.com/elpic/blueprint/internal/engine/status.go:311.16,314.3 2 0
github.com/elpic/blueprint/internal/engine/status.go:317.2,318.54 2 0
github.com/elpic/blueprint/internal/engine/status.go:318.54,321.3 2 0
github.com/elpic/blueprint/internal/engine/status.go:324.2,330.35 4 0
github.com/elpic/blueprint/internal/engine/status.go:330.35,334.10 1 0
github.com/elpic/blueprint/internal/engine/status.go:334.10,337.4 2 0
github.com/elpic/blueprint/internal/engine/status.go:340.2,340.19 1 0
github.com/elpic/blueprint/internal/engine/status.go:340.19,342.3 1 0
github.com/elpic/blueprint/internal/engine/status.go:344.2,344.18 1 0
github.com/elpic/blueprint/internal/engine/status.go:349.26,351.16 2 0
github.com/elpic/blueprint/internal/engine/status.go:351.16,354.3 2 0
github.com/elpic/blueprint/internal/engine/status.go:356.2,357.16 2 0
github.com/elpic/blueprint/internal/engine/status.go:357.16,360.3 2 0
github.com/elpic/blueprint/internal/engine/status.go:362.2,363.55 2 0
github.com/elpic/blueprint/internal/engine/status.go:363.55,366.3 2 0
github.com/elpic/blueprint/internal/engine/status.go:369.2,370.28 2 0
github.com/elpic/blueprint/internal/engine/status.go:370.28,371.23 1 0
github.com/elpic/blueprint/internal/engine/status.go:371.23,373.4 1 0
github.com/elpic/blueprint/internal/engine/status.go:376.2,376.21 1 0
github.com/elpic/blueprint/internal/engine/status.go:376.21,379.3 2 0
github.com/elpic/blueprint/internal/engine/status.go:382.2,382.40 1 0
github.com/elpic/blueprint/internal/engine/status.go:382.40,384.3 1 0
github.com/elpic/blueprint/internal/engine/status.go:386.2,386.15 1 0
github.com/elpic/blueprint/internal/engine/status.go:386.15,388.3 1 0
github.com/elpic/blueprint/internal/engine/status.go:389.2,389.23 1 0
github.com/elpic/blueprint/internal/engine/status.go:389.23,391.3 1 0
github.com/elpic/blueprint/internal/engine/status.go:393.2,394.33 2 0
github.com/elpic/blueprint/internal/engine/status.go:394.33,397.16 3 0
github.com/elpic/blueprint/internal/engine/status.go:397.16,399.4 1 0
github.com/elpic/blueprint/internal/engine/status.go:400.3,404.4 1 0
github.com/elpic/blueprint/internal/engine/status.go:406.2,406.18 1 0
github.com/elpic/blueprint/internal/engine/status.go:410.38,412.16 2 0
github.com/elpic/blueprint/internal/engine/status.go:412.16,414.3 1 0
github.com/elpic/blueprint/internal/engine/status.go:416.2,420.63 3 0
github.com/elpic/blueprint/internal/engine/status.go:420.63,422.3 1 0
github.com/elpic/blueprint/internal/engine/status.go:425.2,428.115 2 0
github.com/elpic/blueprint/internal/engine/status.go:428.115,430.3 1 0
github.com/elpic/blueprint/internal/engine/status.go:432.2,432.23 1 0
github.com/elpic/blueprint/internal/engine/status.go:436.76,438.16 2 1
github.com/elpic/blueprint/internal/engine/status.go:438.16,440.3 1 0
github.com/elpic/blueprint/internal/engine/status.go:442.2,443.78 2 1
github.com/elpic/blueprint/internal/engine/status.go:443.78,445.3 1 0
github.com/elpic/blueprint/internal/engine/status.go:447.2,450.75 3 1
github.com/elpic/blueprint/internal/engine/status.go:454.40,456.16 2 0
github.com/elpic/blueprint/internal/engine/status.go:456.16,458.3 1 0
github.com/elpic/blueprint/internal/engine/status.go:460.2,462.16 3 0
github.com/elpic/blueprint/internal/engine/status.go:462.16,464.3 1 0
github.com/elpic/blueprint/internal/engine/status.go:466.2,467.32 2 0
github.com/elpic/blueprint/internal/engine/status.go:467.32,468.20 1 0
github.com/elpic/blueprint/internal/engine/status.go:468.20,471.26 3 0
github.com/elpic/blueprint/internal/engine/status.go:471.26,473.5 1 0
github.com/elpic/blueprint/internal/engine/status.go:477.2,477.20 1 0
github.com/elpic/blueprint/internal/engine/status.go:477.20,479.3 1 0
github.com/elpic/blueprint/internal/engine/status.go:481.2,481.23 1 0
github.com/elpic/blueprint/internal/engine/status.go:487.50,489.16 2 0
github.com/elpic/blueprint/internal/engine/status.go:489.16,492.3 2 0
github.com/elpic/blueprint/internal/engine/status.go:495.2,495.20 1 0
github.com/elpic/blueprint/internal/engine/status.go:495.20,498.17 3 0
github.com/elpic/blueprint/internal/engine/status.go:498.17,501.4 2 0
github.com/elpic/blueprint/internal/engine/status.go:504.2,507.55 2 0
github.com/elpic/blueprint/internal/engine/status.go:507.55,510.3 2 0
github.com/elpic/blueprint/internal/engine/status.go:513.2,514.93 2 0
github.com/elpic/blueprint/internal/engine/status.go:514.93,516.41 2 0
github.com/elpic/blueprint/internal/engine/status.go:516.41,517.29 1 0
github.com/elpic/blueprint/internal/engine/status.go:517.29,519.5 1 0
github.com/elpic/blueprint/internal/engine/status.go:523.2,527.16 3 0
github.com/elpic/blueprint/internal/engine/status.go:527.16,530.3 2 0
github.com/elpic/blueprint/internal/engine/status.go:532.2,532.23 1 0
github.com/elpic/blueprint/internal/engine/status.go:532.23,535.3 2 0
github.com/elpic/blueprint/internal/engine/status.go:538.2,538.42 1 0
github.com/elpic/blueprint/internal/engine/status.go:538.42,543.3 4 0
github.com/elpic/blueprint/internal/engine/status.go:545.2,545.32 1 0
github.com/elpic/blueprint/internal/engine/status.go:545.32,546.64 1 0
github.com/elpic/blueprint/internal/engine/status.go:546.64,552.51 4 0
github.com/elpic/blueprint/internal/engine/status.go:552.51,553.13 1 0
github.com/elpic/blueprint/internal/engine/status.go:556.4,559.18 3 0
github.com/elpic/blueprint/internal/engine/status.go:559.18,560.13 1 0
github.com/elpic/blueprint/internal/engine/status.go:563.4,564.53 2 0
github.com/elpic/blueprint/internal/engine/status.go:564.53,566.5 1 0
github.com/elpic/blueprint/internal/engine/status.go:567.4,576.23 6 0
github.com/elpic/blueprint/internal/engine/status.go:576.23,579.5 2 0
github.com/elpic/blueprint/internal/engine/status.go:581.4,581.23 1 0
github.com/elpic/blueprint/internal/engine/status.go:581.23,583.5 1 0
github.com/elpic/blueprint/internal/engine/status.go:586.4,586.20 1 0
github.com/elpic/blueprint/internal/engine/status.go:586.20,588.5 1 0
github.com/elpic/blueprint/internal/engine/status.go:591.4,591.20 1 0
github.com/elpic/blueprint/internal/engine/status.go:591.20,594.38 2 0
github.com/elpic/blueprint/internal/engine/status.go:594.38,596.6 1 0
github.com/elpic/blueprint/internal/engine/status.go:600.4,600.36 1 0
github.com/elpic/blueprint/internal/engine/status.go:600.36,602.5 1 0
github.com/elpic/blueprint/internal/engine/status.go:606.2,606.18 1 0
github.com/elpic/blueprint/internal/engine/utils.go:16.25,18.2 1 1
github.com/elpic/blueprint/internal/engine/utils.go:20.57,24.29 3 1
github.com/elpic/blueprint/internal/engine/utils.go:24.29,26.28 1 1
github.com/elpic/blueprint/internal/engine/utils.go:26.28,28.12 2 1
github.com/elpic/blueprint/internal/engine/utils.go:32.3,32.34 1 1
github.com/elpic/blueprint/internal/engine/utils.go:32.34,33.42 1 1
github.com/elpic/blueprint/internal/engine/utils.go:33.42,35.10 2 1
github.com/elpic/blueprint/internal/engine/utils.go:40.2,40.35 1 1
github.com/elpic/blueprint/internal/engine/utils.go:45.58,48.29 3 1
github.com/elpic/blueprint/internal/engine/utils.go:48.29,50.16 2 1
github.com/elpic/blueprint/internal/engine/utils.go:50.16,51.12 1 1
github.com/elpic/blueprint/internal/engine/utils.go:53.3,54.32 2 1
github.com/elpic/blueprint/internal/engine/utils.go:56.2,56.15 1 1
github.com/elpic/blueprint/internal/engine/utils.go:59.40,60.29 1 0
github.com/elpic/blueprint/internal/engine/utils.go:60.29,64.20 3 0
github.com/elpic/blueprint/internal/engine/utils.go:64.20,66.4 1 0
github.com/elpic/blueprint/internal/engine/utils.go:69.3,70.21 2 0
github.com/elpic/blueprint/internal/engine/utils.go:70.21,72.4 1 0
github.com/elpic/blueprint/internal/engine/utils.go:74.3,74.26 1 0
github.com/elpic/blueprint/internal/engine/utils.go:74.26,76.35 2 0
github.com/elpic/blueprint/internal/engine/utils.go:76.35,77.14 1 0
github.com/elpic/blueprint/internal/engine/utils.go:77.14,79.6 1 0
github.com/elpic/blueprint/internal/engine/utils.go:80.5,80.39 1 0
github.com/elpic/blueprint/internal/engine/utils.go:82.4,82.17 1 0
github.com/elpic/blueprint/internal/engine/utils.go:85.3,85.27 1 0
github.com/elpic/blueprint/internal/engine/utils.go:85.27,87.35 2 0
github.com/elpic/blueprint/internal/engine/utils.go:87.35,88.14 1 0
github.com/elpic/blueprint/internal/engine/utils.go:88.14,90.6 1 0
github.com/elpic/blueprint/internal/engine/utils.go:91.5,91.32 1 0
github.com/elpic/blueprint/internal/engine/utils.go:93.4,93.17 1 0
github.com/elpic/blueprint/internal/engine/utils.go:97.3,97.21 1 0
github.com/elpic/blueprint/internal/engine/utils.go:97.21,99.17 2 0
github.com/elpic/blueprint/internal/engine/utils.go:99.17,101.5 1 0
github.com/elpic/blueprint/internal/engine/utils.go:103.3,103.16 1 0
github.com/elpic/blueprint/internal/engine/utils.go:107.44,110.16 2 0
github.com/elpic/blueprint/internal/engine/utils.go:110.16,113.3 1 0
github.com/elpic/blueprint/internal/engine/utils.go:114.2,114.32 1 0
github.com/elpic/blueprint/internal/engine/utils.go:117.70,118.21 1 1
github.com/elpic/blueprint/internal/engine/utils.go:118.21,120.3 1 1
github.com/elpic/blueprint/internal/engine/utils.go:123.2,126.23 3 1
github.com/elpic/blueprint/internal/engine/utils.go:126.23,127.24 1 1
github.com/elpic/blueprint/internal/engine/utils.go:127.24,129.4 1 1
github.com/elpic/blueprint/internal/engine/utils.go:130.3,134.41 3 1
github.com/elpic/blueprint/internal/engine/utils.go:134.41,136.4 1 1
github.com/elpic/blueprint/internal/engine/utils.go:140.2,146.40 5 1
github.com/elpic/blueprint/internal/engine/utils.go:146.40,149.30 2 1
github.com/elpic/blueprint/internal/engine/utils.go:149.30,151.4 1 1
github.com/elpic/blueprint/internal/engine/utils.go:153.3,153.23 1 1
github.com/elpic/blueprint/internal/engine/utils.go:153.23,155.4 1 1
github.com/elpic/blueprint/internal/engine/utils.go:157.3,160.38 2 1
github.com/elpic/blueprint/internal/engine/utils.go:160.38,164.52 2 1
github.com/elpic/blueprint/internal/engine/utils.go:164.52,167.5 1 1
github.com/elpic/blueprint/internal/engine/utils.go:169.4,169.22 1 1
github.com/elpic/blueprint/internal/engine/utils.go:169.22,170.42 1 1
github.com/elpic/blueprint/internal/engine/utils.go:170.42,172.6 1 1
github.com/elpic/blueprint/internal/engine/utils.go:176.3,180.13 4 1
github.com/elpic/blueprint/internal/engine/utils.go:184.2,184.23 1 1
github.com/elpic/blueprint/internal/engine/utils.go:184.23,185.42 1 1
github.com/elpic/blueprint/internal/engine/utils.go:185.42,187.4 1 1
github.com/elpic/blueprint/internal/engine/utils.go:190.2,190.20 1 1
github.com/elpic/blueprint/internal/engine/utils.go:196.101,197.19 1 0
github.com/elpic/blueprint/internal/engine/utils.go:197.20,197.21 0 0
github.com/elpic/blueprint/internal/engine/utils.go:199.2,199.28 1 0
github.com/elpic/blueprint/internal/engine/utils.go:199.28,201.22 2 0
github.com/elpic/blueprint/internal/engine/utils.go:201.22,203.4 1 0
github.com/elpic/blueprint/internal/engine/utils.go:204.3,204.20 1 0
github.com/elpic/blueprint/internal/engine/utils.go:204.20,204.61 1 0
github.com/elpic/blueprint/internal/engine/utils.go:206.3,207.17 2 0
github.com/elpic/blueprint/internal/engine/utils.go:207.17,209.22 2 0
github.com/elpic/blueprint/internal/engine/utils.go:209.23,209.24 0 0
github.com/elpic/blueprint/internal/engine/utils.go:211.3,211.33 1 0
github.com/elpic/blueprint/internal/engine/utils.go:214.2,214.28 1 0
github.com/elpic/blueprint/internal/engine/utils.go:217.40,219.16 2 1
github.com/elpic/blueprint/internal/engine/utils.go:219.16,221.3 1 0
github.com/elpic/blueprint/internal/engine/utils.go:223.2,226.80 2 1
github.com/elpic/blueprint/internal/engine/utils.go:226.80,228.3 1 0
github.com/elpic/blueprint/internal/engine/utils.go:230.2,230.26 1 1
